{
  "/Users/sotiriskourouklis/dev/repo-ranger/api/src/utils.ts": {
    "path": "/Users/sotiriskourouklis/dev/repo-ranger/api/src/utils.ts",
    "all": false,
    "statementMap": {
      "0": { "start": { "line": 1, "column": 0 }, "end": { "line": 1, "column": 45 } },
      "1": { "start": { "line": 2, "column": 0 }, "end": { "line": 2, "column": 58 } },
      "2": { "start": { "line": 3, "column": 0 }, "end": { "line": 3, "column": 28 } },
      "3": { "start": { "line": 4, "column": 0 }, "end": { "line": 4, "column": 36 } },
      "4": { "start": { "line": 5, "column": 0 }, "end": { "line": 5, "column": 41 } },
      "5": { "start": { "line": 6, "column": 0 }, "end": { "line": 6, "column": 0 } },
      "6": { "start": { "line": 7, "column": 0 }, "end": { "line": 7, "column": 56 } },
      "7": { "start": { "line": 8, "column": 0 }, "end": { "line": 8, "column": 0 } },
      "8": { "start": { "line": 9, "column": 0 }, "end": { "line": 9, "column": 33 } },
      "9": { "start": { "line": 10, "column": 0 }, "end": { "line": 10, "column": 22 } },
      "10": { "start": { "line": 11, "column": 0 }, "end": { "line": 11, "column": 12 } },
      "11": { "start": { "line": 12, "column": 0 }, "end": { "line": 12, "column": 5 } },
      "12": { "start": { "line": 13, "column": 0 }, "end": { "line": 13, "column": 24 } },
      "13": { "start": { "line": 14, "column": 0 }, "end": { "line": 14, "column": 20 } },
      "14": { "start": { "line": 15, "column": 0 }, "end": { "line": 15, "column": 6 } },
      "15": { "start": { "line": 16, "column": 0 }, "end": { "line": 16, "column": 4 } },
      "16": { "start": { "line": 17, "column": 0 }, "end": { "line": 17, "column": 37 } },
      "17": { "start": { "line": 18, "column": 0 }, "end": { "line": 18, "column": 3 } },
      "18": { "start": { "line": 19, "column": 0 }, "end": { "line": 19, "column": 0 } },
      "19": { "start": { "line": 20, "column": 0 }, "end": { "line": 20, "column": 88 } },
      "20": { "start": { "line": 21, "column": 0 }, "end": { "line": 21, "column": 21 } },
      "21": { "start": { "line": 22, "column": 0 }, "end": { "line": 22, "column": 2 } },
      "22": { "start": { "line": 23, "column": 0 }, "end": { "line": 23, "column": 0 } },
      "23": { "start": { "line": 24, "column": 0 }, "end": { "line": 24, "column": 111 } },
      "24": { "start": { "line": 25, "column": 0 }, "end": { "line": 25, "column": 7 } },
      "25": { "start": { "line": 26, "column": 0 }, "end": { "line": 26, "column": 29 } },
      "26": { "start": { "line": 27, "column": 0 }, "end": { "line": 27, "column": 19 } },
      "27": { "start": { "line": 28, "column": 0 }, "end": { "line": 28, "column": 27 } },
      "28": { "start": { "line": 29, "column": 0 }, "end": { "line": 29, "column": 16 } },
      "29": { "start": { "line": 30, "column": 0 }, "end": { "line": 30, "column": 3 } },
      "30": { "start": { "line": 31, "column": 0 }, "end": { "line": 31, "column": 2 } },
      "31": { "start": { "line": 32, "column": 0 }, "end": { "line": 32, "column": 0 } },
      "32": { "start": { "line": 33, "column": 0 }, "end": { "line": 33, "column": 100 } },
      "33": { "start": { "line": 34, "column": 0 }, "end": { "line": 34, "column": 53 } },
      "34": { "start": { "line": 35, "column": 0 }, "end": { "line": 35, "column": 0 } },
      "35": { "start": { "line": 36, "column": 0 }, "end": { "line": 36, "column": 27 } },
      "36": { "start": { "line": 37, "column": 0 }, "end": { "line": 37, "column": 10 } },
      "37": { "start": { "line": 38, "column": 0 }, "end": { "line": 38, "column": 9 } },
      "38": { "start": { "line": 39, "column": 0 }, "end": { "line": 39, "column": 12 } },
      "39": { "start": { "line": 40, "column": 0 }, "end": { "line": 40, "column": 17 } },
      "40": { "start": { "line": 41, "column": 0 }, "end": { "line": 41, "column": 11 } },
      "41": { "start": { "line": 42, "column": 0 }, "end": { "line": 42, "column": 5 } },
      "42": { "start": { "line": 43, "column": 0 }, "end": { "line": 43, "column": 2 } }
    },
    "s": {
      "0": 1,
      "1": 1,
      "2": 1,
      "3": 1,
      "4": 1,
      "5": 1,
      "6": 1,
      "7": 1,
      "8": 1,
      "9": 1,
      "10": 1,
      "11": 1,
      "12": 1,
      "13": 1,
      "14": 1,
      "15": 1,
      "16": 1,
      "17": 1,
      "18": 1,
      "19": 1,
      "20": 0,
      "21": 0,
      "22": 1,
      "23": 1,
      "24": 0,
      "25": 0,
      "26": 0,
      "27": 0,
      "28": 0,
      "29": 0,
      "30": 0,
      "31": 1,
      "32": 1,
      "33": 0,
      "34": 0,
      "35": 0,
      "36": 0,
      "37": 0,
      "38": 0,
      "39": 0,
      "40": 0,
      "41": 0,
      "42": 0
    },
    "branchMap": {},
    "b": {},
    "fnMap": {
      "0": {
        "name": "logger",
        "decl": { "start": { "line": 20, "column": 22 }, "end": { "line": 22, "column": 2 } },
        "loc": { "start": { "line": 20, "column": 22 }, "end": { "line": 22, "column": 2 } },
        "line": 20
      },
      "1": {
        "name": "asyncFn",
        "decl": { "start": { "line": 24, "column": 23 }, "end": { "line": 31, "column": 2 } },
        "loc": { "start": { "line": 24, "column": 23 }, "end": { "line": 31, "column": 2 } },
        "line": 24
      },
      "2": {
        "name": "resFn",
        "decl": { "start": { "line": 33, "column": 21 }, "end": { "line": 43, "column": 2 } },
        "loc": { "start": { "line": 33, "column": 21 }, "end": { "line": 43, "column": 2 } },
        "line": 33
      }
    },
    "f": { "0": 0, "1": 0, "2": 0 }
  },
  "/Users/sotiriskourouklis/dev/repo-ranger/api/src/models/message.model.ts": {
    "path": "/Users/sotiriskourouklis/dev/repo-ranger/api/src/models/message.model.ts",
    "all": false,
    "statementMap": {
      "0": { "start": { "line": 1, "column": 0 }, "end": { "line": 1, "column": 95 } },
      "1": { "start": { "line": 2, "column": 0 }, "end": { "line": 2, "column": 0 } },
      "2": { "start": { "line": 3, "column": 0 }, "end": { "line": 3, "column": 24 } },
      "3": { "start": { "line": 4, "column": 0 }, "end": { "line": 4, "column": 45 } },
      "4": { "start": { "line": 5, "column": 0 }, "end": { "line": 5, "column": 27 } },
      "5": { "start": { "line": 6, "column": 0 }, "end": { "line": 6, "column": 14 } },
      "6": { "start": { "line": 7, "column": 0 }, "end": { "line": 7, "column": 0 } },
      "7": { "start": { "line": 8, "column": 0 }, "end": { "line": 8, "column": 30 } },
      "8": { "start": { "line": 9, "column": 0 }, "end": { "line": 9, "column": 20 } },
      "9": { "start": { "line": 10, "column": 0 }, "end": { "line": 10, "column": 0 } },
      "10": { "start": { "line": 11, "column": 0 }, "end": { "line": 11, "column": 27 } },
      "11": { "start": { "line": 12, "column": 0 }, "end": { "line": 12, "column": 19 } },
      "12": { "start": { "line": 13, "column": 0 }, "end": { "line": 13, "column": 0 } },
      "13": { "start": { "line": 14, "column": 0 }, "end": { "line": 14, "column": 41 } },
      "14": { "start": { "line": 15, "column": 0 }, "end": { "line": 15, "column": 20 } },
      "15": { "start": { "line": 16, "column": 0 }, "end": { "line": 16, "column": 1 } }
    },
    "s": {
      "0": 1,
      "1": 1,
      "2": 1,
      "3": 1,
      "4": 0,
      "5": 0,
      "6": 0,
      "7": 0,
      "8": 0,
      "9": 0,
      "10": 0,
      "11": 0,
      "12": 0,
      "13": 0,
      "14": 0,
      "15": 0
    },
    "branchMap": {
      "0": {
        "type": "branch",
        "line": 4,
        "loc": { "start": { "line": 4, "column": 7 }, "end": { "line": 16, "column": 1 } },
        "locations": [{ "start": { "line": 4, "column": 7 }, "end": { "line": 16, "column": 1 } }]
      }
    },
    "b": { "0": [0] },
    "fnMap": {
      "0": {
        "name": "<instance_members_initializer>",
        "decl": { "start": { "line": 4, "column": 7 }, "end": { "line": 16, "column": 1 } },
        "loc": { "start": { "line": 4, "column": 7 }, "end": { "line": 16, "column": 1 } },
        "line": 4
      }
    },
    "f": { "0": 0 }
  },
  "/Users/sotiriskourouklis/dev/repo-ranger/api/src/models/repos.model.ts": {
    "path": "/Users/sotiriskourouklis/dev/repo-ranger/api/src/models/repos.model.ts",
    "all": false,
    "statementMap": {
      "0": { "start": { "line": 1, "column": 0 }, "end": { "line": 1, "column": 77 } },
      "1": { "start": { "line": 2, "column": 0 }, "end": { "line": 2, "column": 0 } },
      "2": { "start": { "line": 3, "column": 0 }, "end": { "line": 3, "column": 16 } },
      "3": { "start": { "line": 4, "column": 0 }, "end": { "line": 4, "column": 38 } },
      "4": { "start": { "line": 5, "column": 0 }, "end": { "line": 5, "column": 27 } },
      "5": { "start": { "line": 6, "column": 0 }, "end": { "line": 6, "column": 14 } },
      "6": { "start": { "line": 7, "column": 0 }, "end": { "line": 7, "column": 0 } },
      "7": { "start": { "line": 8, "column": 0 }, "end": { "line": 8, "column": 26 } },
      "8": { "start": { "line": 9, "column": 0 }, "end": { "line": 9, "column": 23 } },
      "9": { "start": { "line": 10, "column": 0 }, "end": { "line": 10, "column": 0 } },
      "10": { "start": { "line": 11, "column": 0 }, "end": { "line": 11, "column": 30 } },
      "11": { "start": { "line": 12, "column": 0 }, "end": { "line": 12, "column": 16 } },
      "12": { "start": { "line": 13, "column": 0 }, "end": { "line": 13, "column": 0 } },
      "13": { "start": { "line": 14, "column": 0 }, "end": { "line": 14, "column": 30 } },
      "14": { "start": { "line": 15, "column": 0 }, "end": { "line": 15, "column": 23 } },
      "15": { "start": { "line": 16, "column": 0 }, "end": { "line": 16, "column": 0 } },
      "16": { "start": { "line": 17, "column": 0 }, "end": { "line": 17, "column": 30 } },
      "17": { "start": { "line": 18, "column": 0 }, "end": { "line": 18, "column": 22 } },
      "18": { "start": { "line": 19, "column": 0 }, "end": { "line": 19, "column": 0 } },
      "19": { "start": { "line": 20, "column": 0 }, "end": { "line": 20, "column": 38 } },
      "20": { "start": { "line": 21, "column": 0 }, "end": { "line": 21, "column": 17 } },
      "21": { "start": { "line": 22, "column": 0 }, "end": { "line": 22, "column": 0 } },
      "22": { "start": { "line": 23, "column": 0 }, "end": { "line": 23, "column": 38 } },
      "23": { "start": { "line": 24, "column": 0 }, "end": { "line": 24, "column": 17 } },
      "24": { "start": { "line": 25, "column": 0 }, "end": { "line": 25, "column": 0 } },
      "25": { "start": { "line": 26, "column": 0 }, "end": { "line": 26, "column": 38 } },
      "26": { "start": { "line": 27, "column": 0 }, "end": { "line": 27, "column": 18 } },
      "27": { "start": { "line": 28, "column": 0 }, "end": { "line": 28, "column": 0 } },
      "28": { "start": { "line": 29, "column": 0 }, "end": { "line": 29, "column": 38 } },
      "29": { "start": { "line": 30, "column": 0 }, "end": { "line": 30, "column": 25 } },
      "30": { "start": { "line": 31, "column": 0 }, "end": { "line": 31, "column": 0 } },
      "31": { "start": { "line": 32, "column": 0 }, "end": { "line": 32, "column": 38 } },
      "32": { "start": { "line": 33, "column": 0 }, "end": { "line": 33, "column": 19 } },
      "33": { "start": { "line": 34, "column": 0 }, "end": { "line": 34, "column": 0 } },
      "34": { "start": { "line": 35, "column": 0 }, "end": { "line": 35, "column": 38 } },
      "35": { "start": { "line": 36, "column": 0 }, "end": { "line": 36, "column": 20 } },
      "36": { "start": { "line": 37, "column": 0 }, "end": { "line": 37, "column": 1 } }
    },
    "s": {
      "0": 1,
      "1": 1,
      "2": 1,
      "3": 1,
      "4": 0,
      "5": 0,
      "6": 0,
      "7": 0,
      "8": 0,
      "9": 0,
      "10": 0,
      "11": 0,
      "12": 0,
      "13": 0,
      "14": 0,
      "15": 0,
      "16": 0,
      "17": 0,
      "18": 0,
      "19": 0,
      "20": 0,
      "21": 0,
      "22": 0,
      "23": 0,
      "24": 0,
      "25": 0,
      "26": 0,
      "27": 0,
      "28": 0,
      "29": 0,
      "30": 0,
      "31": 0,
      "32": 0,
      "33": 0,
      "34": 0,
      "35": 0,
      "36": 0
    },
    "branchMap": {
      "0": {
        "type": "branch",
        "line": 4,
        "loc": { "start": { "line": 4, "column": 7 }, "end": { "line": 37, "column": 1 } },
        "locations": [{ "start": { "line": 4, "column": 7 }, "end": { "line": 37, "column": 1 } }]
      }
    },
    "b": { "0": [0] },
    "fnMap": {
      "0": {
        "name": "<instance_members_initializer>",
        "decl": { "start": { "line": 4, "column": 7 }, "end": { "line": 37, "column": 1 } },
        "loc": { "start": { "line": 4, "column": 7 }, "end": { "line": 37, "column": 1 } },
        "line": 4
      }
    },
    "f": { "0": 0 }
  },
  "/Users/sotiriskourouklis/dev/repo-ranger/api/src/models/twitter-posts.model.ts": {
    "path": "/Users/sotiriskourouklis/dev/repo-ranger/api/src/models/twitter-posts.model.ts",
    "all": false,
    "statementMap": {
      "0": { "start": { "line": 1, "column": 0 }, "end": { "line": 1, "column": 51 } },
      "1": { "start": { "line": 2, "column": 0 }, "end": { "line": 2, "column": 88 } },
      "2": { "start": { "line": 3, "column": 0 }, "end": { "line": 3, "column": 0 } },
      "3": { "start": { "line": 4, "column": 0 }, "end": { "line": 4, "column": 24 } },
      "4": { "start": { "line": 5, "column": 0 }, "end": { "line": 5, "column": 45 } },
      "5": { "start": { "line": 6, "column": 0 }, "end": { "line": 6, "column": 27 } },
      "6": { "start": { "line": 7, "column": 0 }, "end": { "line": 7, "column": 14 } },
      "7": { "start": { "line": 8, "column": 0 }, "end": { "line": 8, "column": 0 } },
      "8": { "start": { "line": 9, "column": 0 }, "end": { "line": 9, "column": 26 } },
      "9": { "start": { "line": 10, "column": 0 }, "end": { "line": 10, "column": 23 } },
      "10": { "start": { "line": 11, "column": 0 }, "end": { "line": 11, "column": 0 } },
      "11": { "start": { "line": 12, "column": 0 }, "end": { "line": 12, "column": 27 } },
      "12": { "start": { "line": 13, "column": 0 }, "end": { "line": 13, "column": 19 } },
      "13": { "start": { "line": 14, "column": 0 }, "end": { "line": 14, "column": 0 } },
      "14": { "start": { "line": 15, "column": 0 }, "end": { "line": 15, "column": 90 } },
      "15": { "start": { "line": 16, "column": 0 }, "end": { "line": 16, "column": 21 } },
      "16": { "start": { "line": 17, "column": 0 }, "end": { "line": 17, "column": 0 } },
      "17": { "start": { "line": 18, "column": 0 }, "end": { "line": 18, "column": 46 } },
      "18": { "start": { "line": 19, "column": 0 }, "end": { "line": 19, "column": 22 } },
      "19": { "start": { "line": 20, "column": 0 }, "end": { "line": 20, "column": 0 } },
      "20": { "start": { "line": 21, "column": 0 }, "end": { "line": 21, "column": 47 } },
      "21": { "start": { "line": 22, "column": 0 }, "end": { "line": 22, "column": 20 } },
      "22": { "start": { "line": 23, "column": 0 }, "end": { "line": 23, "column": 0 } },
      "23": { "start": { "line": 24, "column": 0 }, "end": { "line": 24, "column": 31 } },
      "24": { "start": { "line": 25, "column": 0 }, "end": { "line": 25, "column": 20 } },
      "25": { "start": { "line": 26, "column": 0 }, "end": { "line": 26, "column": 0 } },
      "26": { "start": { "line": 27, "column": 0 }, "end": { "line": 27, "column": 76 } },
      "27": { "start": { "line": 28, "column": 0 }, "end": { "line": 28, "column": 22 } },
      "28": { "start": { "line": 29, "column": 0 }, "end": { "line": 29, "column": 1 } }
    },
    "s": {
      "0": 1,
      "1": 1,
      "2": 1,
      "3": 1,
      "4": 1,
      "5": 0,
      "6": 0,
      "7": 0,
      "8": 0,
      "9": 0,
      "10": 0,
      "11": 0,
      "12": 0,
      "13": 0,
      "14": 0,
      "15": 0,
      "16": 0,
      "17": 0,
      "18": 0,
      "19": 0,
      "20": 0,
      "21": 0,
      "22": 0,
      "23": 0,
      "24": 0,
      "25": 0,
      "26": 0,
      "27": 0,
      "28": 0
    },
    "branchMap": {},
    "b": {},
    "fnMap": {
      "0": {
        "name": "<instance_members_initializer>",
        "decl": { "start": { "line": 5, "column": 7 }, "end": { "line": 29, "column": 1 } },
        "loc": { "start": { "line": 5, "column": 7 }, "end": { "line": 29, "column": 1 } },
        "line": 5
      }
    },
    "f": { "0": 0 }
  },
  "/Users/sotiriskourouklis/dev/repo-ranger/api/src/models/username.model.ts": {
    "path": "/Users/sotiriskourouklis/dev/repo-ranger/api/src/models/username.model.ts",
    "all": false,
    "statementMap": {
      "0": { "start": { "line": 1, "column": 0 }, "end": { "line": 1, "column": 59 } },
      "1": { "start": { "line": 2, "column": 0 }, "end": { "line": 2, "column": 113 } },
      "2": { "start": { "line": 3, "column": 0 }, "end": { "line": 3, "column": 0 } },
      "3": { "start": { "line": 4, "column": 0 }, "end": { "line": 4, "column": 20 } },
      "4": { "start": { "line": 5, "column": 0 }, "end": { "line": 5, "column": 17 } },
      "5": { "start": { "line": 6, "column": 0 }, "end": { "line": 6, "column": 42 } },
      "6": { "start": { "line": 7, "column": 0 }, "end": { "line": 7, "column": 27 } },
      "7": { "start": { "line": 8, "column": 0 }, "end": { "line": 8, "column": 14 } },
      "8": { "start": { "line": 9, "column": 0 }, "end": { "line": 9, "column": 0 } },
      "9": { "start": { "line": 10, "column": 0 }, "end": { "line": 10, "column": 44 } },
      "10": { "start": { "line": 11, "column": 0 }, "end": { "line": 11, "column": 20 } },
      "11": { "start": { "line": 12, "column": 0 }, "end": { "line": 12, "column": 0 } },
      "12": { "start": { "line": 13, "column": 0 }, "end": { "line": 13, "column": 46 } },
      "13": { "start": { "line": 14, "column": 0 }, "end": { "line": 14, "column": 17 } },
      "14": { "start": { "line": 15, "column": 0 }, "end": { "line": 15, "column": 0 } },
      "15": { "start": { "line": 16, "column": 0 }, "end": { "line": 16, "column": 38 } },
      "16": { "start": { "line": 17, "column": 0 }, "end": { "line": 17, "column": 17 } },
      "17": { "start": { "line": 18, "column": 0 }, "end": { "line": 18, "column": 0 } },
      "18": { "start": { "line": 19, "column": 0 }, "end": { "line": 19, "column": 38 } },
      "19": { "start": { "line": 20, "column": 0 }, "end": { "line": 20, "column": 23 } },
      "20": { "start": { "line": 21, "column": 0 }, "end": { "line": 21, "column": 0 } },
      "21": { "start": { "line": 22, "column": 0 }, "end": { "line": 22, "column": 48 } },
      "22": { "start": { "line": 23, "column": 0 }, "end": { "line": 23, "column": 20 } },
      "23": { "start": { "line": 24, "column": 0 }, "end": { "line": 24, "column": 0 } },
      "24": { "start": { "line": 25, "column": 0 }, "end": { "line": 25, "column": 53 } },
      "25": { "start": { "line": 26, "column": 0 }, "end": { "line": 26, "column": 24 } },
      "26": { "start": { "line": 27, "column": 0 }, "end": { "line": 27, "column": 0 } },
      "27": { "start": { "line": 28, "column": 0 }, "end": { "line": 28, "column": 38 } },
      "28": { "start": { "line": 29, "column": 0 }, "end": { "line": 29, "column": 25 } },
      "29": { "start": { "line": 30, "column": 0 }, "end": { "line": 30, "column": 0 } },
      "30": { "start": { "line": 31, "column": 0 }, "end": { "line": 31, "column": 88 } },
      "31": { "start": { "line": 32, "column": 0 }, "end": { "line": 32, "column": 18 } },
      "32": { "start": { "line": 33, "column": 0 }, "end": { "line": 33, "column": 0 } },
      "33": { "start": { "line": 34, "column": 0 }, "end": { "line": 34, "column": 66 } },
      "34": { "start": { "line": 35, "column": 0 }, "end": { "line": 35, "column": 15 } },
      "35": { "start": { "line": 36, "column": 0 }, "end": { "line": 36, "column": 0 } },
      "36": { "start": { "line": 37, "column": 0 }, "end": { "line": 37, "column": 51 } },
      "37": { "start": { "line": 38, "column": 0 }, "end": { "line": 38, "column": 16 } },
      "38": { "start": { "line": 39, "column": 0 }, "end": { "line": 39, "column": 0 } },
      "39": { "start": { "line": 40, "column": 0 }, "end": { "line": 40, "column": 43 } },
      "40": { "start": { "line": 41, "column": 0 }, "end": { "line": 41, "column": 26 } },
      "41": { "start": { "line": 42, "column": 0 }, "end": { "line": 42, "column": 0 } },
      "42": { "start": { "line": 43, "column": 0 }, "end": { "line": 43, "column": 46 } },
      "43": { "start": { "line": 44, "column": 0 }, "end": { "line": 44, "column": 23 } },
      "44": { "start": { "line": 45, "column": 0 }, "end": { "line": 45, "column": 0 } },
      "45": { "start": { "line": 46, "column": 0 }, "end": { "line": 46, "column": 38 } },
      "46": { "start": { "line": 47, "column": 0 }, "end": { "line": 47, "column": 21 } },
      "47": { "start": { "line": 48, "column": 0 }, "end": { "line": 48, "column": 0 } },
      "48": { "start": { "line": 49, "column": 0 }, "end": { "line": 49, "column": 38 } },
      "49": { "start": { "line": 50, "column": 0 }, "end": { "line": 50, "column": 21 } },
      "50": { "start": { "line": 51, "column": 0 }, "end": { "line": 51, "column": 0 } },
      "51": { "start": { "line": 52, "column": 0 }, "end": { "line": 52, "column": 46 } },
      "52": { "start": { "line": 53, "column": 0 }, "end": { "line": 53, "column": 22 } },
      "53": { "start": { "line": 54, "column": 0 }, "end": { "line": 54, "column": 0 } },
      "54": { "start": { "line": 55, "column": 0 }, "end": { "line": 55, "column": 46 } },
      "55": { "start": { "line": 56, "column": 0 }, "end": { "line": 56, "column": 28 } },
      "56": { "start": { "line": 57, "column": 0 }, "end": { "line": 57, "column": 0 } },
      "57": { "start": { "line": 58, "column": 0 }, "end": { "line": 58, "column": 47 } },
      "58": { "start": { "line": 59, "column": 0 }, "end": { "line": 59, "column": 35 } },
      "59": { "start": { "line": 60, "column": 0 }, "end": { "line": 60, "column": 0 } },
      "60": { "start": { "line": 61, "column": 0 }, "end": { "line": 61, "column": 85 } },
      "61": { "start": { "line": 62, "column": 0 }, "end": { "line": 62, "column": 32 } },
      "62": { "start": { "line": 63, "column": 0 }, "end": { "line": 63, "column": 0 } },
      "63": { "start": { "line": 64, "column": 0 }, "end": { "line": 64, "column": 41 } },
      "64": { "start": { "line": 65, "column": 0 }, "end": { "line": 65, "column": 20 } },
      "65": { "start": { "line": 66, "column": 0 }, "end": { "line": 66, "column": 0 } },
      "66": { "start": { "line": 67, "column": 0 }, "end": { "line": 67, "column": 25 } },
      "67": { "start": { "line": 68, "column": 0 }, "end": { "line": 68, "column": 41 } },
      "68": { "start": { "line": 69, "column": 0 }, "end": { "line": 69, "column": 3 } },
      "69": { "start": { "line": 70, "column": 0 }, "end": { "line": 70, "column": 1 } }
    },
    "s": {
      "0": 1,
      "1": 1,
      "2": 1,
      "3": 1,
      "4": 1,
      "5": 1,
      "6": 0,
      "7": 0,
      "8": 0,
      "9": 0,
      "10": 0,
      "11": 0,
      "12": 0,
      "13": 0,
      "14": 0,
      "15": 0,
      "16": 0,
      "17": 0,
      "18": 0,
      "19": 0,
      "20": 0,
      "21": 0,
      "22": 0,
      "23": 0,
      "24": 0,
      "25": 0,
      "26": 0,
      "27": 0,
      "28": 0,
      "29": 0,
      "30": 0,
      "31": 0,
      "32": 0,
      "33": 0,
      "34": 0,
      "35": 0,
      "36": 0,
      "37": 0,
      "38": 0,
      "39": 0,
      "40": 0,
      "41": 0,
      "42": 0,
      "43": 0,
      "44": 0,
      "45": 0,
      "46": 0,
      "47": 0,
      "48": 0,
      "49": 0,
      "50": 0,
      "51": 0,
      "52": 0,
      "53": 0,
      "54": 0,
      "55": 0,
      "56": 0,
      "57": 0,
      "58": 0,
      "59": 0,
      "60": 0,
      "61": 0,
      "62": 0,
      "63": 0,
      "64": 0,
      "65": 0,
      "66": 0,
      "67": 0,
      "68": 0,
      "69": 0
    },
    "branchMap": {},
    "b": {},
    "fnMap": {
      "0": {
        "name": "<instance_members_initializer>",
        "decl": { "start": { "line": 6, "column": 7 }, "end": { "line": 70, "column": 1 } },
        "loc": { "start": { "line": 6, "column": 7 }, "end": { "line": 70, "column": 1 } },
        "line": 6
      }
    },
    "f": { "0": 0 }
  },
  "/Users/sotiriskourouklis/dev/repo-ranger/api/src/services/ai.service.ts": {
    "path": "/Users/sotiriskourouklis/dev/repo-ranger/api/src/services/ai.service.ts",
    "all": false,
    "statementMap": {
      "0": { "start": { "line": 1, "column": 0 }, "end": { "line": 1, "column": 58 } },
      "1": { "start": { "line": 2, "column": 0 }, "end": { "line": 2, "column": 51 } },
      "2": { "start": { "line": 3, "column": 0 }, "end": { "line": 3, "column": 46 } },
      "3": { "start": { "line": 4, "column": 0 }, "end": { "line": 4, "column": 0 } },
      "4": { "start": { "line": 5, "column": 0 }, "end": { "line": 5, "column": 33 } },
      "5": { "start": { "line": 6, "column": 0 }, "end": { "line": 6, "column": 40 } },
      "6": { "start": { "line": 7, "column": 0 }, "end": { "line": 7, "column": 3 } },
      "7": { "start": { "line": 8, "column": 0 }, "end": { "line": 8, "column": 0 } },
      "8": { "start": { "line": 9, "column": 0 }, "end": { "line": 9, "column": 74 } },
      "9": { "start": { "line": 10, "column": 0 }, "end": { "line": 10, "column": 71 } },
      "10": { "start": { "line": 11, "column": 0 }, "end": { "line": 11, "column": 69 } },
      "11": { "start": { "line": 12, "column": 0 }, "end": { "line": 12, "column": 84 } },
      "12": { "start": { "line": 13, "column": 0 }, "end": { "line": 13, "column": 21 } },
      "13": { "start": { "line": 14, "column": 0 }, "end": { "line": 14, "column": 127 } },
      "14": { "start": { "line": 15, "column": 0 }, "end": { "line": 15, "column": 77 } },
      "15": { "start": { "line": 16, "column": 0 }, "end": { "line": 16, "column": 0 } },
      "16": { "start": { "line": 17, "column": 0 }, "end": { "line": 17, "column": 51 } },
      "17": { "start": { "line": 18, "column": 0 }, "end": { "line": 18, "column": 15 } },
      "18": { "start": { "line": 19, "column": 0 }, "end": { "line": 19, "column": 44 } },
      "19": { "start": { "line": 20, "column": 0 }, "end": { "line": 20, "column": 3 } },
      "20": { "start": { "line": 21, "column": 0 }, "end": { "line": 21, "column": 16 } },
      "21": { "start": { "line": 22, "column": 0 }, "end": { "line": 22, "column": 45 } },
      "22": { "start": { "line": 23, "column": 0 }, "end": { "line": 23, "column": 3 } },
      "23": { "start": { "line": 24, "column": 0 }, "end": { "line": 24, "column": 0 } },
      "24": { "start": { "line": 25, "column": 0 }, "end": { "line": 25, "column": 75 } },
      "25": { "start": { "line": 26, "column": 0 }, "end": { "line": 26, "column": 37 } },
      "26": { "start": { "line": 27, "column": 0 }, "end": { "line": 27, "column": 21 } },
      "27": { "start": { "line": 28, "column": 0 }, "end": { "line": 28, "column": 19 } },
      "28": { "start": { "line": 29, "column": 0 }, "end": { "line": 29, "column": 11 } },
      "29": { "start": { "line": 30, "column": 0 }, "end": { "line": 30, "column": 605 } },
      "30": { "start": { "line": 31, "column": 0 }, "end": { "line": 31, "column": 15 } },
      "31": { "start": { "line": 32, "column": 0 }, "end": { "line": 32, "column": 7 } },
      "32": { "start": { "line": 33, "column": 0 }, "end": { "line": 33, "column": 21 } },
      "33": { "start": { "line": 34, "column": 0 }, "end": { "line": 34, "column": 18 } },
      "34": { "start": { "line": 35, "column": 0 }, "end": { "line": 35, "column": 11 } },
      "35": { "start": { "line": 36, "column": 0 }, "end": { "line": 36, "column": 25 } },
      "36": { "start": { "line": 37, "column": 0 }, "end": { "line": 37, "column": 236 } },
      "37": { "start": { "line": 38, "column": 0 }, "end": { "line": 38, "column": 12 } },
      "38": { "start": { "line": 39, "column": 0 }, "end": { "line": 39, "column": 10 } },
      "39": { "start": { "line": 40, "column": 0 }, "end": { "line": 40, "column": 8 } },
      "40": { "start": { "line": 41, "column": 0 }, "end": { "line": 41, "column": 6 } },
      "41": { "start": { "line": 42, "column": 0 }, "end": { "line": 42, "column": 5 } },
      "42": { "start": { "line": 43, "column": 0 }, "end": { "line": 43, "column": 0 } },
      "43": { "start": { "line": 44, "column": 0 }, "end": { "line": 44, "column": 52 } },
      "44": { "start": { "line": 45, "column": 0 }, "end": { "line": 45, "column": 25 } },
      "45": { "start": { "line": 46, "column": 0 }, "end": { "line": 46, "column": 94 } },
      "46": { "start": { "line": 47, "column": 0 }, "end": { "line": 47, "column": 2 } },
      "47": { "start": { "line": 48, "column": 0 }, "end": { "line": 48, "column": 0 } },
      "48": { "start": { "line": 49, "column": 0 }, "end": { "line": 49, "column": 71 } },
      "49": { "start": { "line": 50, "column": 0 }, "end": { "line": 50, "column": 25 } },
      "50": { "start": { "line": 51, "column": 0 }, "end": { "line": 51, "column": 28 } },
      "51": { "start": { "line": 52, "column": 0 }, "end": { "line": 52, "column": 3 } },
      "52": { "start": { "line": 53, "column": 0 }, "end": { "line": 53, "column": 0 } },
      "53": { "start": { "line": 54, "column": 0 }, "end": { "line": 54, "column": 45 } },
      "54": { "start": { "line": 55, "column": 0 }, "end": { "line": 55, "column": 29 } },
      "55": { "start": { "line": 56, "column": 0 }, "end": { "line": 56, "column": 31 } },
      "56": { "start": { "line": 57, "column": 0 }, "end": { "line": 57, "column": 0 } },
      "57": { "start": { "line": 58, "column": 0 }, "end": { "line": 58, "column": 47 } },
      "58": { "start": { "line": 59, "column": 0 }, "end": { "line": 59, "column": 36 } },
      "59": { "start": { "line": 60, "column": 0 }, "end": { "line": 60, "column": 20 } },
      "60": { "start": { "line": 61, "column": 0 }, "end": { "line": 61, "column": 21 } },
      "61": { "start": { "line": 62, "column": 0 }, "end": { "line": 62, "column": 128 } },
      "62": { "start": { "line": 63, "column": 0 }, "end": { "line": 63, "column": 15 } },
      "63": { "start": { "line": 64, "column": 0 }, "end": { "line": 64, "column": 7 } },
      "64": { "start": { "line": 65, "column": 0 }, "end": { "line": 65, "column": 21 } },
      "65": { "start": { "line": 66, "column": 0 }, "end": { "line": 66, "column": 18 } },
      "66": { "start": { "line": 67, "column": 0 }, "end": { "line": 67, "column": 11 } },
      "67": { "start": { "line": 68, "column": 0 }, "end": { "line": 68, "column": 25 } },
      "68": { "start": { "line": 69, "column": 0 }, "end": { "line": 69, "column": 135 } },
      "69": { "start": { "line": 70, "column": 0 }, "end": { "line": 70, "column": 12 } },
      "70": { "start": { "line": 71, "column": 0 }, "end": { "line": 71, "column": 10 } },
      "71": { "start": { "line": 72, "column": 0 }, "end": { "line": 72, "column": 8 } },
      "72": { "start": { "line": 73, "column": 0 }, "end": { "line": 73, "column": 6 } },
      "73": { "start": { "line": 74, "column": 0 }, "end": { "line": 74, "column": 5 } },
      "74": { "start": { "line": 75, "column": 0 }, "end": { "line": 75, "column": 0 } },
      "75": { "start": { "line": 76, "column": 0 }, "end": { "line": 76, "column": 90 } },
      "76": { "start": { "line": 77, "column": 0 }, "end": { "line": 77, "column": 0 } },
      "77": { "start": { "line": 78, "column": 0 }, "end": { "line": 78, "column": 30 } },
      "78": { "start": { "line": 79, "column": 0 }, "end": { "line": 79, "column": 14 } },
      "79": { "start": { "line": 80, "column": 0 }, "end": { "line": 80, "column": 0 } },
      "80": { "start": { "line": 81, "column": 0 }, "end": { "line": 81, "column": 18 } },
      "81": { "start": { "line": 82, "column": 0 }, "end": { "line": 82, "column": 2 } },
      "82": { "start": { "line": 83, "column": 0 }, "end": { "line": 83, "column": 0 } },
      "83": { "start": { "line": 84, "column": 0 }, "end": { "line": 84, "column": 61 } }
    },
    "s": {
      "0": 1,
      "1": 1,
      "2": 1,
      "3": 1,
      "4": 1,
      "5": 1,
      "6": 1,
      "7": 1,
      "8": 1,
      "9": 0,
      "10": 0,
      "11": 0,
      "12": 0,
      "13": 0,
      "14": 0,
      "15": 0,
      "16": 0,
      "17": 0,
      "18": 0,
      "19": 0,
      "20": 0,
      "21": 0,
      "22": 0,
      "23": 0,
      "24": 0,
      "25": 0,
      "26": 0,
      "27": 0,
      "28": 0,
      "29": 0,
      "30": 0,
      "31": 0,
      "32": 0,
      "33": 0,
      "34": 0,
      "35": 0,
      "36": 0,
      "37": 0,
      "38": 0,
      "39": 0,
      "40": 0,
      "41": 0,
      "42": 0,
      "43": 0,
      "44": 0,
      "45": 0,
      "46": 0,
      "47": 1,
      "48": 1,
      "49": 0,
      "50": 0,
      "51": 0,
      "52": 0,
      "53": 0,
      "54": 0,
      "55": 0,
      "56": 0,
      "57": 0,
      "58": 0,
      "59": 0,
      "60": 0,
      "61": 0,
      "62": 0,
      "63": 0,
      "64": 0,
      "65": 0,
      "66": 0,
      "67": 0,
      "68": 0,
      "69": 0,
      "70": 0,
      "71": 0,
      "72": 0,
      "73": 0,
      "74": 0,
      "75": 0,
      "76": 0,
      "77": 0,
      "78": 0,
      "79": 0,
      "80": 0,
      "81": 0,
      "82": 1,
      "83": 1
    },
    "branchMap": {},
    "b": {},
    "fnMap": {
      "0": {
        "name": "generateAiDescription",
        "decl": { "start": { "line": 9, "column": 30 }, "end": { "line": 47, "column": 2 } },
        "loc": { "start": { "line": 9, "column": 30 }, "end": { "line": 47, "column": 2 } },
        "line": 9
      },
      "1": {
        "name": "generateAiNickname",
        "decl": { "start": { "line": 49, "column": 27 }, "end": { "line": 82, "column": 2 } },
        "loc": { "start": { "line": 49, "column": 27 }, "end": { "line": 82, "column": 2 } },
        "line": 49
      }
    },
    "f": { "0": 0, "1": 0 }
  },
  "/Users/sotiriskourouklis/dev/repo-ranger/api/src/services/emoji.service.ts": {
    "path": "/Users/sotiriskourouklis/dev/repo-ranger/api/src/services/emoji.service.ts",
    "all": false,
    "statementMap": {
      "0": { "start": { "line": 1, "column": 0 }, "end": { "line": 1, "column": 51 } },
      "1": { "start": { "line": 2, "column": 0 }, "end": { "line": 2, "column": 0 } },
      "2": { "start": { "line": 3, "column": 0 }, "end": { "line": 3, "column": 67 } },
      "3": { "start": { "line": 4, "column": 0 }, "end": { "line": 4, "column": 17 } },
      "4": { "start": { "line": 5, "column": 0 }, "end": { "line": 5, "column": 32 } },
      "5": { "start": { "line": 6, "column": 0 }, "end": { "line": 6, "column": 53 } },
      "6": { "start": { "line": 7, "column": 0 }, "end": { "line": 7, "column": 5 } },
      "7": { "start": { "line": 8, "column": 0 }, "end": { "line": 8, "column": 0 } },
      "8": { "start": { "line": 9, "column": 0 }, "end": { "line": 9, "column": 75 } },
      "9": { "start": { "line": 10, "column": 0 }, "end": { "line": 10, "column": 0 } },
      "10": { "start": { "line": 11, "column": 0 }, "end": { "line": 11, "column": 25 } },
      "11": { "start": { "line": 12, "column": 0 }, "end": { "line": 12, "column": 48 } },
      "12": { "start": { "line": 13, "column": 0 }, "end": { "line": 13, "column": 5 } },
      "13": { "start": { "line": 14, "column": 0 }, "end": { "line": 14, "column": 0 } },
      "14": { "start": { "line": 15, "column": 0 }, "end": { "line": 15, "column": 42 } },
      "15": { "start": { "line": 16, "column": 0 }, "end": { "line": 16, "column": 45 } },
      "16": { "start": { "line": 17, "column": 0 }, "end": { "line": 17, "column": 5 } },
      "17": { "start": { "line": 18, "column": 0 }, "end": { "line": 18, "column": 0 } },
      "18": { "start": { "line": 19, "column": 0 }, "end": { "line": 19, "column": 24 } },
      "19": { "start": { "line": 20, "column": 0 }, "end": { "line": 20, "column": 18 } },
      "20": { "start": { "line": 21, "column": 0 }, "end": { "line": 21, "column": 5 } },
      "21": { "start": { "line": 22, "column": 0 }, "end": { "line": 22, "column": 3 } },
      "22": { "start": { "line": 23, "column": 0 }, "end": { "line": 23, "column": 14 } },
      "23": { "start": { "line": 24, "column": 0 }, "end": { "line": 24, "column": 2 } },
      "24": { "start": { "line": 25, "column": 0 }, "end": { "line": 25, "column": 0 } },
      "25": { "start": { "line": 26, "column": 0 }, "end": { "line": 26, "column": 28 } }
    },
    "s": {
      "0": 1,
      "1": 1,
      "2": 1,
      "3": 4,
      "4": 4,
      "5": 0,
      "6": 0,
      "7": 4,
      "8": 4,
      "9": 4,
      "10": 4,
      "11": 1,
      "12": 1,
      "13": 3,
      "14": 4,
      "15": 1,
      "16": 1,
      "17": 2,
      "18": 4,
      "19": 1,
      "20": 1,
      "21": 4,
      "22": 1,
      "23": 1,
      "24": 1,
      "25": 1
    },
    "branchMap": {
      "0": {
        "type": "branch",
        "line": 3,
        "loc": { "start": { "line": 3, "column": 17 }, "end": { "line": 24, "column": 2 } },
        "locations": [{ "start": { "line": 3, "column": 17 }, "end": { "line": 24, "column": 2 } }]
      },
      "1": {
        "type": "branch",
        "line": 5,
        "loc": { "start": { "line": 5, "column": 31 }, "end": { "line": 7, "column": 5 } },
        "locations": [{ "start": { "line": 5, "column": 31 }, "end": { "line": 7, "column": 5 } }]
      },
      "2": {
        "type": "branch",
        "line": 11,
        "loc": { "start": { "line": 11, "column": 24 }, "end": { "line": 13, "column": 5 } },
        "locations": [{ "start": { "line": 11, "column": 24 }, "end": { "line": 13, "column": 5 } }]
      },
      "3": {
        "type": "branch",
        "line": 14,
        "loc": { "start": { "line": 14, "column": -1 }, "end": { "line": 15, "column": 39 } },
        "locations": [{ "start": { "line": 14, "column": -1 }, "end": { "line": 15, "column": 39 } }]
      },
      "4": {
        "type": "branch",
        "line": 15,
        "loc": { "start": { "line": 15, "column": 41 }, "end": { "line": 17, "column": 5 } },
        "locations": [{ "start": { "line": 15, "column": 41 }, "end": { "line": 17, "column": 5 } }]
      },
      "5": {
        "type": "branch",
        "line": 18,
        "loc": { "start": { "line": 18, "column": -1 }, "end": { "line": 19, "column": 23 } },
        "locations": [{ "start": { "line": 18, "column": -1 }, "end": { "line": 19, "column": 23 } }]
      },
      "6": {
        "type": "branch",
        "line": 19,
        "loc": { "start": { "line": 19, "column": 23 }, "end": { "line": 21, "column": 5 } },
        "locations": [{ "start": { "line": 19, "column": 23 }, "end": { "line": 21, "column": 5 } }]
      },
      "7": {
        "type": "branch",
        "line": 23,
        "loc": { "start": { "line": 23, "column": -1 }, "end": { "line": 24, "column": 2 } },
        "locations": [{ "start": { "line": 23, "column": -1 }, "end": { "line": 24, "column": 2 } }]
      },
      "8": {
        "type": "branch",
        "line": 9,
        "loc": { "start": { "line": 9, "column": 40 }, "end": { "line": 9, "column": 69 } },
        "locations": [{ "start": { "line": 9, "column": 40 }, "end": { "line": 9, "column": 69 } }]
      }
    },
    "b": { "0": [4], "1": [0], "2": [1], "3": [3], "4": [1], "5": [2], "6": [1], "7": [1], "8": [36] },
    "fnMap": {
      "0": {
        "name": "getEmoji",
        "decl": { "start": { "line": 3, "column": 17 }, "end": { "line": 24, "column": 2 } },
        "loc": { "start": { "line": 3, "column": 17 }, "end": { "line": 24, "column": 2 } },
        "line": 3
      }
    },
    "f": { "0": 4 }
  },
  "/Users/sotiriskourouklis/dev/repo-ranger/api/src/services/github.service.ts": {
    "path": "/Users/sotiriskourouklis/dev/repo-ranger/api/src/services/github.service.ts",
    "all": false,
    "statementMap": {
      "0": { "start": { "line": 1, "column": 0 }, "end": { "line": 1, "column": 111 } },
      "1": { "start": { "line": 2, "column": 0 }, "end": { "line": 2, "column": 33 } },
      "2": { "start": { "line": 3, "column": 0 }, "end": { "line": 3, "column": 26 } },
      "3": { "start": { "line": 4, "column": 0 }, "end": { "line": 4, "column": 0 } },
      "4": { "start": { "line": 5, "column": 0 }, "end": { "line": 5, "column": 83 } },
      "5": { "start": { "line": 6, "column": 0 }, "end": { "line": 6, "column": 7 } },
      "6": { "start": { "line": 7, "column": 0 }, "end": { "line": 7, "column": 82 } },
      "7": { "start": { "line": 8, "column": 0 }, "end": { "line": 8, "column": 16 } },
      "8": { "start": { "line": 9, "column": 0 }, "end": { "line": 9, "column": 67 } },
      "9": { "start": { "line": 10, "column": 0 }, "end": { "line": 10, "column": 49 } },
      "10": { "start": { "line": 11, "column": 0 }, "end": { "line": 11, "column": 8 } },
      "11": { "start": { "line": 12, "column": 0 }, "end": { "line": 12, "column": 7 } },
      "12": { "start": { "line": 13, "column": 0 }, "end": { "line": 13, "column": 25 } },
      "13": { "start": { "line": 14, "column": 0 }, "end": { "line": 14, "column": 19 } },
      "14": { "start": { "line": 15, "column": 0 }, "end": { "line": 15, "column": 43 } },
      "15": { "start": { "line": 16, "column": 0 }, "end": { "line": 16, "column": 47 } },
      "16": { "start": { "line": 17, "column": 0 }, "end": { "line": 17, "column": 3 } },
      "17": { "start": { "line": 18, "column": 0 }, "end": { "line": 18, "column": 2 } },
      "18": { "start": { "line": 19, "column": 0 }, "end": { "line": 19, "column": 0 } },
      "19": { "start": { "line": 20, "column": 0 }, "end": { "line": 20, "column": 86 } },
      "20": { "start": { "line": 21, "column": 0 }, "end": { "line": 21, "column": 7 } },
      "21": { "start": { "line": 22, "column": 0 }, "end": { "line": 22, "column": 101 } },
      "22": { "start": { "line": 23, "column": 0 }, "end": { "line": 23, "column": 16 } },
      "23": { "start": { "line": 24, "column": 0 }, "end": { "line": 24, "column": 67 } },
      "24": { "start": { "line": 25, "column": 0 }, "end": { "line": 25, "column": 49 } },
      "25": { "start": { "line": 26, "column": 0 }, "end": { "line": 26, "column": 8 } },
      "26": { "start": { "line": 27, "column": 0 }, "end": { "line": 27, "column": 7 } },
      "27": { "start": { "line": 28, "column": 0 }, "end": { "line": 28, "column": 25 } },
      "28": { "start": { "line": 29, "column": 0 }, "end": { "line": 29, "column": 19 } },
      "29": { "start": { "line": 30, "column": 0 }, "end": { "line": 30, "column": 43 } },
      "30": { "start": { "line": 31, "column": 0 }, "end": { "line": 31, "column": 47 } },
      "31": { "start": { "line": 32, "column": 0 }, "end": { "line": 32, "column": 3 } },
      "32": { "start": { "line": 33, "column": 0 }, "end": { "line": 33, "column": 2 } },
      "33": { "start": { "line": 34, "column": 0 }, "end": { "line": 34, "column": 0 } },
      "34": { "start": { "line": 35, "column": 0 }, "end": { "line": 35, "column": 83 } },
      "35": { "start": { "line": 36, "column": 0 }, "end": { "line": 36, "column": 7 } },
      "36": { "start": { "line": 37, "column": 0 }, "end": { "line": 37, "column": 92 } },
      "37": { "start": { "line": 38, "column": 0 }, "end": { "line": 38, "column": 16 } },
      "38": { "start": { "line": 39, "column": 0 }, "end": { "line": 39, "column": 67 } },
      "39": { "start": { "line": 40, "column": 0 }, "end": { "line": 40, "column": 49 } },
      "40": { "start": { "line": 41, "column": 0 }, "end": { "line": 41, "column": 8 } },
      "41": { "start": { "line": 42, "column": 0 }, "end": { "line": 42, "column": 7 } },
      "42": { "start": { "line": 43, "column": 0 }, "end": { "line": 43, "column": 25 } },
      "43": { "start": { "line": 44, "column": 0 }, "end": { "line": 44, "column": 19 } },
      "44": { "start": { "line": 45, "column": 0 }, "end": { "line": 45, "column": 43 } },
      "45": { "start": { "line": 46, "column": 0 }, "end": { "line": 46, "column": 47 } },
      "46": { "start": { "line": 47, "column": 0 }, "end": { "line": 47, "column": 3 } },
      "47": { "start": { "line": 48, "column": 0 }, "end": { "line": 48, "column": 2 } },
      "48": { "start": { "line": 49, "column": 0 }, "end": { "line": 49, "column": 0 } },
      "49": { "start": { "line": 50, "column": 0 }, "end": { "line": 50, "column": 83 } },
      "50": { "start": { "line": 51, "column": 0 }, "end": { "line": 51, "column": 7 } },
      "51": { "start": { "line": 52, "column": 0 }, "end": { "line": 52, "column": 92 } },
      "52": { "start": { "line": 53, "column": 0 }, "end": { "line": 53, "column": 16 } },
      "53": { "start": { "line": 54, "column": 0 }, "end": { "line": 54, "column": 67 } },
      "54": { "start": { "line": 55, "column": 0 }, "end": { "line": 55, "column": 49 } },
      "55": { "start": { "line": 56, "column": 0 }, "end": { "line": 56, "column": 8 } },
      "56": { "start": { "line": 57, "column": 0 }, "end": { "line": 57, "column": 7 } },
      "57": { "start": { "line": 58, "column": 0 }, "end": { "line": 58, "column": 25 } },
      "58": { "start": { "line": 59, "column": 0 }, "end": { "line": 59, "column": 19 } },
      "59": { "start": { "line": 60, "column": 0 }, "end": { "line": 60, "column": 43 } },
      "60": { "start": { "line": 61, "column": 0 }, "end": { "line": 61, "column": 47 } },
      "61": { "start": { "line": 62, "column": 0 }, "end": { "line": 62, "column": 3 } },
      "62": { "start": { "line": 63, "column": 0 }, "end": { "line": 63, "column": 2 } },
      "63": { "start": { "line": 64, "column": 0 }, "end": { "line": 64, "column": 0 } },
      "64": { "start": { "line": 65, "column": 0 }, "end": { "line": 65, "column": 109 } },
      "65": { "start": { "line": 66, "column": 0 }, "end": { "line": 66, "column": 7 } },
      "66": { "start": { "line": 67, "column": 0 }, "end": { "line": 67, "column": 23 } },
      "67": { "start": { "line": 68, "column": 0 }, "end": { "line": 68, "column": 58 } },
      "68": { "start": { "line": 69, "column": 0 }, "end": { "line": 69, "column": 28 } },
      "69": { "start": { "line": 70, "column": 0 }, "end": { "line": 70, "column": 18 } },
      "70": { "start": { "line": 71, "column": 0 }, "end": { "line": 71, "column": 17 } },
      "71": { "start": { "line": 72, "column": 0 }, "end": { "line": 72, "column": 7 } },
      "72": { "start": { "line": 73, "column": 0 }, "end": { "line": 73, "column": 137 } },
      "73": { "start": { "line": 74, "column": 0 }, "end": { "line": 74, "column": 18 } },
      "74": { "start": { "line": 75, "column": 0 }, "end": { "line": 75, "column": 69 } },
      "75": { "start": { "line": 76, "column": 0 }, "end": { "line": 76, "column": 51 } },
      "76": { "start": { "line": 77, "column": 0 }, "end": { "line": 77, "column": 10 } },
      "77": { "start": { "line": 78, "column": 0 }, "end": { "line": 78, "column": 9 } },
      "78": { "start": { "line": 79, "column": 0 }, "end": { "line": 79, "column": 43 } },
      "79": { "start": { "line": 80, "column": 0 }, "end": { "line": 80, "column": 29 } },
      "80": { "start": { "line": 81, "column": 0 }, "end": { "line": 81, "column": 7 } },
      "81": { "start": { "line": 82, "column": 0 }, "end": { "line": 82, "column": 5 } },
      "82": { "start": { "line": 83, "column": 0 }, "end": { "line": 83, "column": 19 } },
      "83": { "start": { "line": 84, "column": 0 }, "end": { "line": 84, "column": 19 } },
      "84": { "start": { "line": 85, "column": 0 }, "end": { "line": 85, "column": 43 } },
      "85": { "start": { "line": 86, "column": 0 }, "end": { "line": 86, "column": 47 } },
      "86": { "start": { "line": 87, "column": 0 }, "end": { "line": 87, "column": 3 } },
      "87": { "start": { "line": 88, "column": 0 }, "end": { "line": 88, "column": 2 } },
      "88": { "start": { "line": 89, "column": 0 }, "end": { "line": 89, "column": 0 } },
      "89": { "start": { "line": 90, "column": 0 }, "end": { "line": 90, "column": 63 } },
      "90": { "start": { "line": 91, "column": 0 }, "end": { "line": 91, "column": 7 } },
      "91": { "start": { "line": 92, "column": 0 }, "end": { "line": 92, "column": 104 } },
      "92": { "start": { "line": 93, "column": 0 }, "end": { "line": 93, "column": 31 } },
      "93": { "start": { "line": 94, "column": 0 }, "end": { "line": 94, "column": 19 } },
      "94": { "start": { "line": 95, "column": 0 }, "end": { "line": 95, "column": 43 } },
      "95": { "start": { "line": 96, "column": 0 }, "end": { "line": 96, "column": 47 } },
      "96": { "start": { "line": 97, "column": 0 }, "end": { "line": 97, "column": 3 } },
      "97": { "start": { "line": 98, "column": 0 }, "end": { "line": 98, "column": 2 } },
      "98": { "start": { "line": 99, "column": 0 }, "end": { "line": 99, "column": 0 } },
      "99": { "start": { "line": 100, "column": 0 }, "end": { "line": 100, "column": 69 } },
      "100": { "start": { "line": 101, "column": 0 }, "end": { "line": 101, "column": 52 } },
      "101": { "start": { "line": 102, "column": 0 }, "end": { "line": 102, "column": 33 } },
      "102": { "start": { "line": 103, "column": 0 }, "end": { "line": 103, "column": 24 } },
      "103": { "start": { "line": 104, "column": 0 }, "end": { "line": 104, "column": 79 } },
      "104": { "start": { "line": 105, "column": 0 }, "end": { "line": 105, "column": 5 } },
      "105": { "start": { "line": 106, "column": 0 }, "end": { "line": 106, "column": 3 } },
      "106": { "start": { "line": 107, "column": 0 }, "end": { "line": 107, "column": 26 } },
      "107": { "start": { "line": 108, "column": 0 }, "end": { "line": 108, "column": 134 } },
      "108": { "start": { "line": 109, "column": 0 }, "end": { "line": 109, "column": 0 } },
      "109": { "start": { "line": 110, "column": 0 }, "end": { "line": 110, "column": 26 } },
      "110": { "start": { "line": 111, "column": 0 }, "end": { "line": 111, "column": 2 } },
      "111": { "start": { "line": 112, "column": 0 }, "end": { "line": 112, "column": 0 } },
      "112": { "start": { "line": 113, "column": 0 }, "end": { "line": 113, "column": 93 } },
      "113": { "start": { "line": 114, "column": 0 }, "end": { "line": 114, "column": 62 } },
      "114": { "start": { "line": 115, "column": 0 }, "end": { "line": 115, "column": 63 } },
      "115": { "start": { "line": 116, "column": 0 }, "end": { "line": 116, "column": 63 } },
      "116": { "start": { "line": 117, "column": 0 }, "end": { "line": 117, "column": 70 } },
      "117": { "start": { "line": 118, "column": 0 }, "end": { "line": 118, "column": 69 } },
      "118": { "start": { "line": 119, "column": 0 }, "end": { "line": 119, "column": 0 } },
      "119": { "start": { "line": 120, "column": 0 }, "end": { "line": 120, "column": 10 } },
      "120": { "start": { "line": 121, "column": 0 }, "end": { "line": 121, "column": 36 } },
      "121": { "start": { "line": 122, "column": 0 }, "end": { "line": 122, "column": 36 } },
      "122": { "start": { "line": 123, "column": 0 }, "end": { "line": 123, "column": 38 } },
      "123": { "start": { "line": 124, "column": 0 }, "end": { "line": 124, "column": 32 } },
      "124": { "start": { "line": 125, "column": 0 }, "end": { "line": 125, "column": 40 } },
      "125": { "start": { "line": 126, "column": 0 }, "end": { "line": 126, "column": 4 } },
      "126": { "start": { "line": 127, "column": 0 }, "end": { "line": 127, "column": 2 } },
      "127": { "start": { "line": 128, "column": 0 }, "end": { "line": 128, "column": 0 } },
      "128": { "start": { "line": 129, "column": 0 }, "end": { "line": 129, "column": 16 } },
      "129": { "start": { "line": 130, "column": 0 }, "end": { "line": 130, "column": 27 } },
      "130": { "start": { "line": 131, "column": 0 }, "end": { "line": 131, "column": 28 } },
      "131": { "start": { "line": 132, "column": 0 }, "end": { "line": 132, "column": 25 } },
      "132": { "start": { "line": 133, "column": 0 }, "end": { "line": 133, "column": 25 } },
      "133": { "start": { "line": 134, "column": 0 }, "end": { "line": 134, "column": 28 } },
      "134": { "start": { "line": 135, "column": 0 }, "end": { "line": 135, "column": 23 } },
      "135": { "start": { "line": 136, "column": 0 }, "end": { "line": 136, "column": 23 } },
      "136": { "start": { "line": 137, "column": 0 }, "end": { "line": 137, "column": 27 } },
      "137": { "start": { "line": 138, "column": 0 }, "end": { "line": 138, "column": 2 } }
    },
    "s": {
      "0": 1,
      "1": 1,
      "2": 1,
      "3": 1,
      "4": 1,
      "5": 0,
      "6": 0,
      "7": 0,
      "8": 0,
      "9": 0,
      "10": 0,
      "11": 0,
      "12": 0,
      "13": 0,
      "14": 0,
      "15": 0,
      "16": 0,
      "17": 0,
      "18": 1,
      "19": 1,
      "20": 0,
      "21": 0,
      "22": 0,
      "23": 0,
      "24": 0,
      "25": 0,
      "26": 0,
      "27": 0,
      "28": 0,
      "29": 0,
      "30": 0,
      "31": 0,
      "32": 0,
      "33": 1,
      "34": 1,
      "35": 0,
      "36": 0,
      "37": 0,
      "38": 0,
      "39": 0,
      "40": 0,
      "41": 0,
      "42": 0,
      "43": 0,
      "44": 0,
      "45": 0,
      "46": 0,
      "47": 0,
      "48": 1,
      "49": 1,
      "50": 0,
      "51": 0,
      "52": 0,
      "53": 0,
      "54": 0,
      "55": 0,
      "56": 0,
      "57": 0,
      "58": 0,
      "59": 0,
      "60": 0,
      "61": 0,
      "62": 0,
      "63": 1,
      "64": 1,
      "65": 0,
      "66": 0,
      "67": 0,
      "68": 0,
      "69": 0,
      "70": 0,
      "71": 0,
      "72": 0,
      "73": 0,
      "74": 0,
      "75": 0,
      "76": 0,
      "77": 0,
      "78": 0,
      "79": 0,
      "80": 0,
      "81": 0,
      "82": 0,
      "83": 0,
      "84": 0,
      "85": 0,
      "86": 0,
      "87": 0,
      "88": 1,
      "89": 1,
      "90": 0,
      "91": 0,
      "92": 0,
      "93": 0,
      "94": 0,
      "95": 0,
      "96": 0,
      "97": 0,
      "98": 1,
      "99": 1,
      "100": 0,
      "101": 0,
      "102": 0,
      "103": 0,
      "104": 0,
      "105": 0,
      "106": 0,
      "107": 0,
      "108": 0,
      "109": 0,
      "110": 0,
      "111": 1,
      "112": 1,
      "113": 0,
      "114": 0,
      "115": 0,
      "116": 0,
      "117": 0,
      "118": 0,
      "119": 0,
      "120": 0,
      "121": 0,
      "122": 0,
      "123": 0,
      "124": 0,
      "125": 0,
      "126": 0,
      "127": 1,
      "128": 1,
      "129": 1,
      "130": 1,
      "131": 1,
      "132": 1,
      "133": 1,
      "134": 1,
      "135": 1,
      "136": 1,
      "137": 1
    },
    "branchMap": {},
    "b": {},
    "fnMap": {
      "0": {
        "name": "getGithubUserInformation",
        "decl": { "start": { "line": 5, "column": 33 }, "end": { "line": 18, "column": 2 } },
        "loc": { "start": { "line": 5, "column": 33 }, "end": { "line": 18, "column": 2 } },
        "line": 5
      },
      "1": {
        "name": "getGithubUserRepositories",
        "decl": { "start": { "line": 20, "column": 34 }, "end": { "line": 33, "column": 2 } },
        "loc": { "start": { "line": 20, "column": 34 }, "end": { "line": 33, "column": 2 } },
        "line": 20
      },
      "2": {
        "name": "getGithubUserFollowers",
        "decl": { "start": { "line": 35, "column": 31 }, "end": { "line": 48, "column": 2 } },
        "loc": { "start": { "line": 35, "column": 31 }, "end": { "line": 48, "column": 2 } },
        "line": 35
      },
      "3": {
        "name": "getGithubUserFollowing",
        "decl": { "start": { "line": 50, "column": 31 }, "end": { "line": 63, "column": 2 } },
        "loc": { "start": { "line": 50, "column": 31 }, "end": { "line": 63, "column": 2 } },
        "line": 50
      },
      "4": {
        "name": "getGithubUserCommits",
        "decl": { "start": { "line": 65, "column": 29 }, "end": { "line": 88, "column": 2 } },
        "loc": { "start": { "line": 65, "column": 29 }, "end": { "line": 88, "column": 2 } },
        "line": 65
      },
      "5": {
        "name": "getGithubUserPullRequests",
        "decl": { "start": { "line": 90, "column": 34 }, "end": { "line": 98, "column": 2 } },
        "loc": { "start": { "line": 90, "column": 34 }, "end": { "line": 98, "column": 2 } },
        "line": 90
      },
      "6": {
        "name": "getGithubUserFavLanguage",
        "decl": { "start": { "line": 100, "column": 33 }, "end": { "line": 111, "column": 2 } },
        "loc": { "start": { "line": 100, "column": 33 }, "end": { "line": 111, "column": 2 } },
        "line": 100
      },
      "7": {
        "name": "getGithubUserAllData",
        "decl": { "start": { "line": 113, "column": 29 }, "end": { "line": 127, "column": 2 } },
        "loc": { "start": { "line": 113, "column": 29 }, "end": { "line": 127, "column": 2 } },
        "line": 113
      }
    },
    "f": { "0": 0, "1": 0, "2": 0, "3": 0, "4": 0, "5": 0, "6": 0, "7": 0 }
  },
  "/Users/sotiriskourouklis/dev/repo-ranger/api/src/services/message.service.ts": {
    "path": "/Users/sotiriskourouklis/dev/repo-ranger/api/src/services/message.service.ts",
    "all": false,
    "statementMap": {
      "0": { "start": { "line": 1, "column": 0 }, "end": { "line": 1, "column": 53 } },
      "1": { "start": { "line": 2, "column": 0 }, "end": { "line": 2, "column": 35 } },
      "2": { "start": { "line": 3, "column": 0 }, "end": { "line": 3, "column": 0 } },
      "3": { "start": { "line": 4, "column": 0 }, "end": { "line": 4, "column": 43 } },
      "4": { "start": { "line": 5, "column": 0 }, "end": { "line": 5, "column": 18 } },
      "5": { "start": { "line": 6, "column": 0 }, "end": { "line": 6, "column": 29 } },
      "6": { "start": { "line": 7, "column": 0 }, "end": { "line": 7, "column": 36 } },
      "7": { "start": { "line": 8, "column": 0 }, "end": { "line": 8, "column": 15 } },
      "8": { "start": { "line": 9, "column": 0 }, "end": { "line": 9, "column": 45 } },
      "9": { "start": { "line": 10, "column": 0 }, "end": { "line": 10, "column": 28 } },
      "10": { "start": { "line": 11, "column": 0 }, "end": { "line": 11, "column": 2 } },
      "11": { "start": { "line": 12, "column": 0 }, "end": { "line": 12, "column": 0 } },
      "12": { "start": { "line": 13, "column": 0 }, "end": { "line": 13, "column": 65 } },
      "13": { "start": { "line": 14, "column": 0 }, "end": { "line": 14, "column": 94 } },
      "14": { "start": { "line": 15, "column": 0 }, "end": { "line": 15, "column": 23 } },
      "15": { "start": { "line": 16, "column": 0 }, "end": { "line": 16, "column": 14 } },
      "16": { "start": { "line": 17, "column": 0 }, "end": { "line": 17, "column": 3 } },
      "17": { "start": { "line": 18, "column": 0 }, "end": { "line": 18, "column": 43 } },
      "18": { "start": { "line": 19, "column": 0 }, "end": { "line": 19, "column": 62 } },
      "19": { "start": { "line": 20, "column": 0 }, "end": { "line": 20, "column": 5 } },
      "20": { "start": { "line": 21, "column": 0 }, "end": { "line": 21, "column": 28 } },
      "21": { "start": { "line": 22, "column": 0 }, "end": { "line": 22, "column": 2 } },
      "22": { "start": { "line": 23, "column": 0 }, "end": { "line": 23, "column": 0 } },
      "23": { "start": { "line": 24, "column": 0 }, "end": { "line": 24, "column": 70 } },
      "24": { "start": { "line": 25, "column": 0 }, "end": { "line": 25, "column": 39 } },
      "25": { "start": { "line": 26, "column": 0 }, "end": { "line": 26, "column": 31 } },
      "26": { "start": { "line": 27, "column": 0 }, "end": { "line": 27, "column": 33 } },
      "27": { "start": { "line": 28, "column": 0 }, "end": { "line": 28, "column": 26 } },
      "28": { "start": { "line": 29, "column": 0 }, "end": { "line": 29, "column": 20 } },
      "29": { "start": { "line": 30, "column": 0 }, "end": { "line": 30, "column": 2 } },
      "30": { "start": { "line": 31, "column": 0 }, "end": { "line": 31, "column": 0 } },
      "31": { "start": { "line": 32, "column": 0 }, "end": { "line": 32, "column": 37 } },
      "32": { "start": { "line": 33, "column": 0 }, "end": { "line": 33, "column": 83 } },
      "33": { "start": { "line": 34, "column": 0 }, "end": { "line": 34, "column": 18 } },
      "34": { "start": { "line": 35, "column": 0 }, "end": { "line": 35, "column": 2 } },
      "35": { "start": { "line": 36, "column": 0 }, "end": { "line": 36, "column": 0 } },
      "36": { "start": { "line": 37, "column": 0 }, "end": { "line": 37, "column": 16 } },
      "37": { "start": { "line": 38, "column": 0 }, "end": { "line": 38, "column": 24 } },
      "38": { "start": { "line": 39, "column": 0 }, "end": { "line": 39, "column": 23 } },
      "39": { "start": { "line": 40, "column": 0 }, "end": { "line": 40, "column": 18 } },
      "40": { "start": { "line": 41, "column": 0 }, "end": { "line": 41, "column": 18 } },
      "41": { "start": { "line": 42, "column": 0 }, "end": { "line": 42, "column": 2 } }
    },
    "s": {
      "0": 1,
      "1": 1,
      "2": 1,
      "3": 1,
      "4": 1,
      "5": 1,
      "6": 1,
      "7": 1,
      "8": 1,
      "9": 1,
      "10": 1,
      "11": 1,
      "12": 1,
      "13": 2,
      "14": 2,
      "15": 2,
      "16": 2,
      "17": 0,
      "18": 0,
      "19": 0,
      "20": 0,
      "21": 0,
      "22": 1,
      "23": 1,
      "24": 1,
      "25": 1,
      "26": 1,
      "27": 1,
      "28": 1,
      "29": 1,
      "30": 1,
      "31": 1,
      "32": 1,
      "33": 1,
      "34": 1,
      "35": 1,
      "36": 1,
      "37": 1,
      "38": 1,
      "39": 1,
      "40": 1,
      "41": 1
    },
    "branchMap": {
      "0": {
        "type": "branch",
        "line": 4,
        "loc": { "start": { "line": 4, "column": 30 }, "end": { "line": 11, "column": 2 } },
        "locations": [{ "start": { "line": 4, "column": 30 }, "end": { "line": 11, "column": 2 } }]
      },
      "1": {
        "type": "branch",
        "line": 13,
        "loc": { "start": { "line": 13, "column": 29 }, "end": { "line": 22, "column": 2 } },
        "locations": [{ "start": { "line": 13, "column": 29 }, "end": { "line": 22, "column": 2 } }]
      },
      "2": {
        "type": "branch",
        "line": 18,
        "loc": { "start": { "line": 18, "column": -1 }, "end": { "line": 22, "column": 2 } },
        "locations": [{ "start": { "line": 18, "column": -1 }, "end": { "line": 22, "column": 2 } }]
      },
      "3": {
        "type": "branch",
        "line": 24,
        "loc": { "start": { "line": 24, "column": 24 }, "end": { "line": 30, "column": 2 } },
        "locations": [{ "start": { "line": 24, "column": 24 }, "end": { "line": 30, "column": 2 } }]
      },
      "4": {
        "type": "branch",
        "line": 32,
        "loc": { "start": { "line": 32, "column": 24 }, "end": { "line": 35, "column": 2 } },
        "locations": [{ "start": { "line": 32, "column": 24 }, "end": { "line": 35, "column": 2 } }]
      }
    },
    "b": { "0": [1], "1": [2], "2": [0], "3": [1], "4": [1] },
    "fnMap": {
      "0": {
        "name": "getLatestChatMessages",
        "decl": { "start": { "line": 4, "column": 30 }, "end": { "line": 11, "column": 2 } },
        "loc": { "start": { "line": 4, "column": 30 }, "end": { "line": 11, "column": 2 } },
        "line": 4
      },
      "1": {
        "name": "getOlderChatMessages",
        "decl": { "start": { "line": 13, "column": 29 }, "end": { "line": 22, "column": 2 } },
        "loc": { "start": { "line": 13, "column": 29 }, "end": { "line": 22, "column": 2 } },
        "line": 13
      },
      "2": {
        "name": "saveChatMessage",
        "decl": { "start": { "line": 24, "column": 24 }, "end": { "line": 30, "column": 2 } },
        "loc": { "start": { "line": 24, "column": 24 }, "end": { "line": 30, "column": 2 } },
        "line": 24
      },
      "3": {
        "name": "getChatMessages",
        "decl": { "start": { "line": 32, "column": 24 }, "end": { "line": 35, "column": 2 } },
        "loc": { "start": { "line": 32, "column": 24 }, "end": { "line": 35, "column": 2 } },
        "line": 32
      }
    },
    "f": { "0": 1, "1": 2, "2": 1, "3": 1 }
  },
  "/Users/sotiriskourouklis/dev/repo-ranger/api/src/services/repos.service.ts": {
    "path": "/Users/sotiriskourouklis/dev/repo-ranger/api/src/services/repos.service.ts",
    "all": false,
    "statementMap": {
      "0": { "start": { "line": 1, "column": 0 }, "end": { "line": 1, "column": 44 } },
      "1": { "start": { "line": 2, "column": 0 }, "end": { "line": 2, "column": 51 } },
      "2": { "start": { "line": 3, "column": 0 }, "end": { "line": 3, "column": 0 } },
      "3": { "start": { "line": 4, "column": 0 }, "end": { "line": 4, "column": 56 } },
      "4": { "start": { "line": 5, "column": 0 }, "end": { "line": 5, "column": 69 } },
      "5": { "start": { "line": 6, "column": 0 }, "end": { "line": 6, "column": 20 } },
      "6": { "start": { "line": 7, "column": 0 }, "end": { "line": 7, "column": 42 } },
      "7": { "start": { "line": 8, "column": 0 }, "end": { "line": 8, "column": 3 } },
      "8": { "start": { "line": 9, "column": 0 }, "end": { "line": 9, "column": 0 } },
      "9": { "start": { "line": 10, "column": 0 }, "end": { "line": 10, "column": 75 } },
      "10": { "start": { "line": 11, "column": 0 }, "end": { "line": 11, "column": 15 } },
      "11": { "start": { "line": 12, "column": 0 }, "end": { "line": 12, "column": 2 } },
      "12": { "start": { "line": 13, "column": 0 }, "end": { "line": 13, "column": 0 } },
      "13": { "start": { "line": 14, "column": 0 }, "end": { "line": 14, "column": 33 } },
      "14": { "start": { "line": 15, "column": 0 }, "end": { "line": 15, "column": 34 } },
      "15": { "start": { "line": 16, "column": 0 }, "end": { "line": 16, "column": 15 } },
      "16": { "start": { "line": 17, "column": 0 }, "end": { "line": 17, "column": 2 } },
      "17": { "start": { "line": 18, "column": 0 }, "end": { "line": 18, "column": 0 } },
      "18": { "start": { "line": 19, "column": 0 }, "end": { "line": 19, "column": 42 } },
      "19": { "start": { "line": 20, "column": 0 }, "end": { "line": 20, "column": 42 } },
      "20": { "start": { "line": 21, "column": 0 }, "end": { "line": 21, "column": 17 } },
      "21": { "start": { "line": 22, "column": 0 }, "end": { "line": 22, "column": 2 } },
      "22": { "start": { "line": 23, "column": 0 }, "end": { "line": 23, "column": 0 } },
      "23": { "start": { "line": 24, "column": 0 }, "end": { "line": 24, "column": 42 } },
      "24": { "start": { "line": 25, "column": 0 }, "end": { "line": 25, "column": 55 } },
      "25": { "start": { "line": 26, "column": 0 }, "end": { "line": 26, "column": 21 } },
      "26": { "start": { "line": 27, "column": 0 }, "end": { "line": 27, "column": 2 } },
      "27": { "start": { "line": 28, "column": 0 }, "end": { "line": 28, "column": 0 } },
      "28": { "start": { "line": 29, "column": 0 }, "end": { "line": 29, "column": 75 } }
    },
    "s": {
      "0": 1,
      "1": 1,
      "2": 1,
      "3": 1,
      "4": 2,
      "5": 2,
      "6": 1,
      "7": 1,
      "8": 1,
      "9": 1,
      "10": 1,
      "11": 1,
      "12": 1,
      "13": 1,
      "14": 1,
      "15": 1,
      "16": 1,
      "17": 1,
      "18": 1,
      "19": 1,
      "20": 1,
      "21": 1,
      "22": 1,
      "23": 1,
      "24": 1,
      "25": 1,
      "26": 1,
      "27": 1,
      "28": 1
    },
    "branchMap": {
      "0": {
        "type": "branch",
        "line": 4,
        "loc": { "start": { "line": 4, "column": 27 }, "end": { "line": 12, "column": 2 } },
        "locations": [{ "start": { "line": 4, "column": 27 }, "end": { "line": 12, "column": 2 } }]
      },
      "1": {
        "type": "branch",
        "line": 6,
        "loc": { "start": { "line": 6, "column": 19 }, "end": { "line": 12, "column": 2 } },
        "locations": [{ "start": { "line": 6, "column": 19 }, "end": { "line": 12, "column": 2 } }]
      },
      "2": {
        "type": "branch",
        "line": 14,
        "loc": { "start": { "line": 14, "column": 20 }, "end": { "line": 17, "column": 2 } },
        "locations": [{ "start": { "line": 14, "column": 20 }, "end": { "line": 17, "column": 2 } }]
      },
      "3": {
        "type": "branch",
        "line": 19,
        "loc": { "start": { "line": 19, "column": 19 }, "end": { "line": 22, "column": 2 } },
        "locations": [{ "start": { "line": 19, "column": 19 }, "end": { "line": 22, "column": 2 } }]
      },
      "4": {
        "type": "branch",
        "line": 24,
        "loc": { "start": { "line": 24, "column": 19 }, "end": { "line": 27, "column": 2 } },
        "locations": [{ "start": { "line": 24, "column": 19 }, "end": { "line": 27, "column": 2 } }]
      }
    },
    "b": { "0": [2], "1": [1], "2": [1], "3": [1], "4": [1] },
    "fnMap": {
      "0": {
        "name": "getReposByUsername",
        "decl": { "start": { "line": 4, "column": 27 }, "end": { "line": 12, "column": 2 } },
        "loc": { "start": { "line": 4, "column": 27 }, "end": { "line": 12, "column": 2 } },
        "line": 4
      },
      "1": {
        "name": "getAllRepos",
        "decl": { "start": { "line": 14, "column": 20 }, "end": { "line": 17, "column": 2 } },
        "loc": { "start": { "line": 14, "column": 20 }, "end": { "line": 17, "column": 2 } },
        "line": 14
      },
      "2": {
        "name": "createRepo",
        "decl": { "start": { "line": 19, "column": 19 }, "end": { "line": 22, "column": 2 } },
        "loc": { "start": { "line": 19, "column": 19 }, "end": { "line": 22, "column": 2 } },
        "line": 19
      },
      "3": {
        "name": "updateRepo",
        "decl": { "start": { "line": 24, "column": 19 }, "end": { "line": 27, "column": 2 } },
        "loc": { "start": { "line": 24, "column": 19 }, "end": { "line": 27, "column": 2 } },
        "line": 24
      }
    },
    "f": { "0": 2, "1": 1, "2": 1, "3": 1 }
  },
  "/Users/sotiriskourouklis/dev/repo-ranger/api/src/services/score.service.ts": {
    "path": "/Users/sotiriskourouklis/dev/repo-ranger/api/src/services/score.service.ts",
    "all": false,
    "statementMap": {
      "0": { "start": { "line": 1, "column": 0 }, "end": { "line": 1, "column": 51 } },
      "1": { "start": { "line": 2, "column": 0 }, "end": { "line": 2, "column": 58 } },
      "2": { "start": { "line": 3, "column": 0 }, "end": { "line": 3, "column": 0 } },
      "3": { "start": { "line": 4, "column": 0 }, "end": { "line": 4, "column": 57 } },
      "4": { "start": { "line": 5, "column": 0 }, "end": { "line": 5, "column": 83 } },
      "5": { "start": { "line": 6, "column": 0 }, "end": { "line": 6, "column": 0 } },
      "6": { "start": { "line": 7, "column": 0 }, "end": { "line": 7, "column": 16 } },
      "7": { "start": { "line": 8, "column": 0 }, "end": { "line": 8, "column": 16 } },
      "8": { "start": { "line": 9, "column": 0 }, "end": { "line": 9, "column": 17 } },
      "9": { "start": { "line": 10, "column": 0 }, "end": { "line": 10, "column": 23 } },
      "10": { "start": { "line": 11, "column": 0 }, "end": { "line": 11, "column": 18 } },
      "11": { "start": { "line": 12, "column": 0 }, "end": { "line": 12, "column": 16 } },
      "12": { "start": { "line": 13, "column": 0 }, "end": { "line": 13, "column": 0 } },
      "13": { "start": { "line": 14, "column": 0 }, "end": { "line": 14, "column": 33 } },
      "14": { "start": { "line": 15, "column": 0 }, "end": { "line": 15, "column": 30 } },
      "15": { "start": { "line": 16, "column": 0 }, "end": { "line": 16, "column": 35 } },
      "16": { "start": { "line": 17, "column": 0 }, "end": { "line": 17, "column": 37 } },
      "17": { "start": { "line": 18, "column": 0 }, "end": { "line": 18, "column": 44 } },
      "18": { "start": { "line": 19, "column": 0 }, "end": { "line": 19, "column": 34 } },
      "19": { "start": { "line": 20, "column": 0 }, "end": { "line": 20, "column": 15 } },
      "20": { "start": { "line": 21, "column": 0 }, "end": { "line": 21, "column": 3 } },
      "21": { "start": { "line": 22, "column": 0 }, "end": { "line": 22, "column": 0 } },
      "22": { "start": { "line": 23, "column": 0 }, "end": { "line": 23, "column": 96 } },
      "23": { "start": { "line": 24, "column": 0 }, "end": { "line": 24, "column": 0 } },
      "24": { "start": { "line": 25, "column": 0 }, "end": { "line": 25, "column": 15 } },
      "25": { "start": { "line": 26, "column": 0 }, "end": { "line": 26, "column": 2 } },
      "26": { "start": { "line": 27, "column": 0 }, "end": { "line": 27, "column": 0 } },
      "27": { "start": { "line": 28, "column": 0 }, "end": { "line": 28, "column": 33 } },
      "28": { "start": { "line": 29, "column": 0 }, "end": { "line": 29, "column": 42 } },
      "29": { "start": { "line": 30, "column": 0 }, "end": { "line": 30, "column": 29 } },
      "30": { "start": { "line": 31, "column": 0 }, "end": { "line": 31, "column": 5 } },
      "31": { "start": { "line": 32, "column": 0 }, "end": { "line": 32, "column": 29 } },
      "32": { "start": { "line": 33, "column": 0 }, "end": { "line": 33, "column": 2 } },
      "33": { "start": { "line": 34, "column": 0 }, "end": { "line": 34, "column": 0 } },
      "34": { "start": { "line": 35, "column": 0 }, "end": { "line": 35, "column": 47 } }
    },
    "s": {
      "0": 1,
      "1": 1,
      "2": 1,
      "3": 1,
      "4": 2,
      "5": 2,
      "6": 2,
      "7": 2,
      "8": 2,
      "9": 2,
      "10": 2,
      "11": 2,
      "12": 2,
      "13": 2,
      "14": 2,
      "15": 2,
      "16": 2,
      "17": 2,
      "18": 2,
      "19": 2,
      "20": 2,
      "21": 2,
      "22": 2,
      "23": 2,
      "24": 2,
      "25": 2,
      "26": 1,
      "27": 1,
      "28": 2,
      "29": 2,
      "30": 2,
      "31": 2,
      "32": 2,
      "33": 1,
      "34": 1
    },
    "branchMap": {
      "0": {
        "type": "branch",
        "line": 4,
        "loc": { "start": { "line": 4, "column": 23 }, "end": { "line": 26, "column": 2 } },
        "locations": [{ "start": { "line": 4, "column": 23 }, "end": { "line": 26, "column": 2 } }]
      },
      "1": {
        "type": "branch",
        "line": 28,
        "loc": { "start": { "line": 28, "column": 20 }, "end": { "line": 33, "column": 2 } },
        "locations": [{ "start": { "line": 28, "column": 20 }, "end": { "line": 33, "column": 2 } }]
      },
      "2": {
        "type": "branch",
        "line": 32,
        "loc": { "start": { "line": 32, "column": 16 }, "end": { "line": 32, "column": 23 } },
        "locations": [{ "start": { "line": 32, "column": 16 }, "end": { "line": 32, "column": 23 } }]
      },
      "3": {
        "type": "branch",
        "line": 32,
        "loc": { "start": { "line": 32, "column": 23 }, "end": { "line": 32, "column": 28 } },
        "locations": [{ "start": { "line": 32, "column": 23 }, "end": { "line": 32, "column": 28 } }]
      }
    },
    "b": { "0": [2], "1": [2], "2": [1], "3": [1] },
    "fnMap": {
      "0": {
        "name": "calculateScore",
        "decl": { "start": { "line": 4, "column": 23 }, "end": { "line": 26, "column": 2 } },
        "loc": { "start": { "line": 4, "column": 23 }, "end": { "line": 26, "column": 2 } },
        "line": 4
      },
      "1": {
        "name": "getTopScore",
        "decl": { "start": { "line": 28, "column": 20 }, "end": { "line": 33, "column": 2 } },
        "loc": { "start": { "line": 28, "column": 20 }, "end": { "line": 33, "column": 2 } },
        "line": 28
      }
    },
    "f": { "0": 2, "1": 2 }
  },
  "/Users/sotiriskourouklis/dev/repo-ranger/api/src/services/username.service.ts": {
    "path": "/Users/sotiriskourouklis/dev/repo-ranger/api/src/services/username.service.ts",
    "all": false,
    "statementMap": {
      "0": { "start": { "line": 1, "column": 0 }, "end": { "line": 1, "column": 51 } },
      "1": { "start": { "line": 2, "column": 0 }, "end": { "line": 2, "column": 54 } },
      "2": { "start": { "line": 3, "column": 0 }, "end": { "line": 3, "column": 52 } },
      "3": { "start": { "line": 4, "column": 0 }, "end": { "line": 4, "column": 57 } },
      "4": { "start": { "line": 5, "column": 0 }, "end": { "line": 5, "column": 31 } },
      "5": { "start": { "line": 6, "column": 0 }, "end": { "line": 6, "column": 0 } },
      "6": { "start": { "line": 7, "column": 0 }, "end": { "line": 7, "column": 53 } },
      "7": { "start": { "line": 8, "column": 0 }, "end": { "line": 8, "column": 82 } },
      "8": { "start": { "line": 9, "column": 0 }, "end": { "line": 9, "column": 0 } },
      "9": { "start": { "line": 10, "column": 0 }, "end": { "line": 10, "column": 17 } },
      "10": { "start": { "line": 11, "column": 0 }, "end": { "line": 11, "column": 47 } },
      "11": { "start": { "line": 12, "column": 0 }, "end": { "line": 12, "column": 3 } },
      "12": { "start": { "line": 13, "column": 0 }, "end": { "line": 13, "column": 0 } },
      "13": { "start": { "line": 14, "column": 0 }, "end": { "line": 14, "column": 37 } },
      "14": { "start": { "line": 15, "column": 0 }, "end": { "line": 15, "column": 39 } },
      "15": { "start": { "line": 16, "column": 0 }, "end": { "line": 16, "column": 33 } },
      "16": { "start": { "line": 17, "column": 0 }, "end": { "line": 17, "column": 45 } },
      "17": { "start": { "line": 18, "column": 0 }, "end": { "line": 18, "column": 39 } },
      "18": { "start": { "line": 19, "column": 0 }, "end": { "line": 19, "column": 47 } },
      "19": { "start": { "line": 20, "column": 0 }, "end": { "line": 20, "column": 49 } },
      "20": { "start": { "line": 21, "column": 0 }, "end": { "line": 21, "column": 35 } },
      "21": { "start": { "line": 22, "column": 0 }, "end": { "line": 22, "column": 29 } },
      "22": { "start": { "line": 23, "column": 0 }, "end": { "line": 23, "column": 31 } },
      "23": { "start": { "line": 24, "column": 0 }, "end": { "line": 24, "column": 41 } },
      "24": { "start": { "line": 25, "column": 0 }, "end": { "line": 25, "column": 41 } },
      "25": { "start": { "line": 26, "column": 0 }, "end": { "line": 26, "column": 49 } },
      "26": { "start": { "line": 27, "column": 0 }, "end": { "line": 27, "column": 61 } },
      "27": { "start": { "line": 28, "column": 0 }, "end": { "line": 28, "column": 57 } },
      "28": { "start": { "line": 29, "column": 0 }, "end": { "line": 29, "column": 51 } },
      "29": { "start": { "line": 30, "column": 0 }, "end": { "line": 30, "column": 87 } },
      "30": { "start": { "line": 31, "column": 0 }, "end": { "line": 31, "column": 0 } },
      "31": { "start": { "line": 32, "column": 0 }, "end": { "line": 32, "column": 49 } },
      "32": { "start": { "line": 33, "column": 0 }, "end": { "line": 33, "column": 0 } },
      "33": { "start": { "line": 34, "column": 0 }, "end": { "line": 34, "column": 23 } },
      "34": { "start": { "line": 35, "column": 0 }, "end": { "line": 35, "column": 2 } },
      "35": { "start": { "line": 36, "column": 0 }, "end": { "line": 36, "column": 0 } },
      "36": { "start": { "line": 37, "column": 0 }, "end": { "line": 37, "column": 53 } },
      "37": { "start": { "line": 38, "column": 0 }, "end": { "line": 38, "column": 82 } },
      "38": { "start": { "line": 39, "column": 0 }, "end": { "line": 39, "column": 81 } },
      "39": { "start": { "line": 40, "column": 0 }, "end": { "line": 40, "column": 85 } },
      "40": { "start": { "line": 41, "column": 0 }, "end": { "line": 41, "column": 84 } },
      "41": { "start": { "line": 42, "column": 0 }, "end": { "line": 42, "column": 51 } },
      "42": { "start": { "line": 43, "column": 0 }, "end": { "line": 43, "column": 14 } },
      "43": { "start": { "line": 44, "column": 0 }, "end": { "line": 44, "column": 12 } },
      "44": { "start": { "line": 45, "column": 0 }, "end": { "line": 45, "column": 17 } },
      "45": { "start": { "line": 46, "column": 0 }, "end": { "line": 46, "column": 5 } },
      "46": { "start": { "line": 47, "column": 0 }, "end": { "line": 47, "column": 18 } },
      "47": { "start": { "line": 48, "column": 0 }, "end": { "line": 48, "column": 42 } },
      "48": { "start": { "line": 49, "column": 0 }, "end": { "line": 49, "column": 3 } },
      "49": { "start": { "line": 50, "column": 0 }, "end": { "line": 50, "column": 25 } },
      "50": { "start": { "line": 51, "column": 0 }, "end": { "line": 51, "column": 27 } },
      "51": { "start": { "line": 52, "column": 0 }, "end": { "line": 52, "column": 36 } },
      "52": { "start": { "line": 53, "column": 0 }, "end": { "line": 53, "column": 44 } },
      "53": { "start": { "line": 54, "column": 0 }, "end": { "line": 54, "column": 46 } },
      "54": { "start": { "line": 55, "column": 0 }, "end": { "line": 55, "column": 32 } },
      "55": { "start": { "line": 56, "column": 0 }, "end": { "line": 56, "column": 26 } },
      "56": { "start": { "line": 57, "column": 0 }, "end": { "line": 57, "column": 28 } },
      "57": { "start": { "line": 58, "column": 0 }, "end": { "line": 58, "column": 38 } },
      "58": { "start": { "line": 59, "column": 0 }, "end": { "line": 59, "column": 38 } },
      "59": { "start": { "line": 60, "column": 0 }, "end": { "line": 60, "column": 46 } },
      "60": { "start": { "line": 61, "column": 0 }, "end": { "line": 61, "column": 58 } },
      "61": { "start": { "line": 62, "column": 0 }, "end": { "line": 62, "column": 54 } },
      "62": { "start": { "line": 63, "column": 0 }, "end": { "line": 63, "column": 48 } },
      "63": { "start": { "line": 64, "column": 0 }, "end": { "line": 64, "column": 84 } },
      "64": { "start": { "line": 65, "column": 0 }, "end": { "line": 65, "column": 0 } },
      "65": { "start": { "line": 66, "column": 0 }, "end": { "line": 66, "column": 46 } },
      "66": { "start": { "line": 67, "column": 0 }, "end": { "line": 67, "column": 23 } },
      "67": { "start": { "line": 68, "column": 0 }, "end": { "line": 68, "column": 2 } },
      "68": { "start": { "line": 69, "column": 0 }, "end": { "line": 69, "column": 0 } },
      "69": { "start": { "line": 70, "column": 0 }, "end": { "line": 70, "column": 52 } },
      "70": { "start": { "line": 71, "column": 0 }, "end": { "line": 71, "column": 63 } },
      "71": { "start": { "line": 72, "column": 0 }, "end": { "line": 72, "column": 14 } },
      "72": { "start": { "line": 73, "column": 0 }, "end": { "line": 73, "column": 42 } },
      "73": { "start": { "line": 74, "column": 0 }, "end": { "line": 74, "column": 3 } },
      "74": { "start": { "line": 75, "column": 0 }, "end": { "line": 75, "column": 14 } },
      "75": { "start": { "line": 76, "column": 0 }, "end": { "line": 76, "column": 2 } },
      "76": { "start": { "line": 77, "column": 0 }, "end": { "line": 77, "column": 0 } },
      "77": { "start": { "line": 78, "column": 0 }, "end": { "line": 78, "column": 37 } },
      "78": { "start": { "line": 79, "column": 0 }, "end": { "line": 79, "column": 38 } },
      "79": { "start": { "line": 80, "column": 0 }, "end": { "line": 80, "column": 15 } },
      "80": { "start": { "line": 81, "column": 0 }, "end": { "line": 81, "column": 2 } },
      "81": { "start": { "line": 82, "column": 0 }, "end": { "line": 82, "column": 0 } },
      "82": { "start": { "line": 83, "column": 0 }, "end": { "line": 83, "column": 50 } },
      "83": { "start": { "line": 84, "column": 0 }, "end": { "line": 84, "column": 81 } },
      "84": { "start": { "line": 85, "column": 0 }, "end": { "line": 85, "column": 0 } },
      "85": { "start": { "line": 86, "column": 0 }, "end": { "line": 86, "column": 15 } },
      "86": { "start": { "line": 87, "column": 0 }, "end": { "line": 87, "column": 2 } },
      "87": { "start": { "line": 88, "column": 0 }, "end": { "line": 88, "column": 0 } },
      "88": { "start": { "line": 89, "column": 0 }, "end": { "line": 89, "column": 63 } },
      "89": { "start": { "line": 90, "column": 0 }, "end": { "line": 90, "column": 107 } },
      "90": { "start": { "line": 91, "column": 0 }, "end": { "line": 91, "column": 15 } },
      "91": { "start": { "line": 92, "column": 0 }, "end": { "line": 92, "column": 2 } },
      "92": { "start": { "line": 93, "column": 0 }, "end": { "line": 93, "column": 0 } },
      "93": { "start": { "line": 94, "column": 0 }, "end": { "line": 94, "column": 46 } },
      "94": { "start": { "line": 95, "column": 0 }, "end": { "line": 95, "column": 79 } },
      "95": { "start": { "line": 96, "column": 0 }, "end": { "line": 96, "column": 15 } },
      "96": { "start": { "line": 97, "column": 0 }, "end": { "line": 97, "column": 2 } },
      "97": { "start": { "line": 98, "column": 0 }, "end": { "line": 98, "column": 0 } },
      "98": { "start": { "line": 99, "column": 0 }, "end": { "line": 99, "column": 35 } },
      "99": { "start": { "line": 100, "column": 0 }, "end": { "line": 100, "column": 57 } },
      "100": { "start": { "line": 101, "column": 0 }, "end": { "line": 101, "column": 14 } },
      "101": { "start": { "line": 102, "column": 0 }, "end": { "line": 102, "column": 2 } },
      "102": { "start": { "line": 103, "column": 0 }, "end": { "line": 103, "column": 0 } },
      "103": { "start": { "line": 104, "column": 0 }, "end": { "line": 104, "column": 61 } },
      "104": { "start": { "line": 105, "column": 0 }, "end": { "line": 105, "column": 93 } },
      "105": { "start": { "line": 106, "column": 0 }, "end": { "line": 106, "column": 14 } },
      "106": { "start": { "line": 107, "column": 0 }, "end": { "line": 107, "column": 2 } },
      "107": { "start": { "line": 108, "column": 0 }, "end": { "line": 108, "column": 0 } },
      "108": { "start": { "line": 109, "column": 0 }, "end": { "line": 109, "column": 53 } },
      "109": { "start": { "line": 110, "column": 0 }, "end": { "line": 110, "column": 76 } },
      "110": { "start": { "line": 111, "column": 0 }, "end": { "line": 111, "column": 52 } },
      "111": { "start": { "line": 112, "column": 0 }, "end": { "line": 112, "column": 2 } },
      "112": { "start": { "line": 113, "column": 0 }, "end": { "line": 113, "column": 0 } },
      "113": { "start": { "line": 114, "column": 0 }, "end": { "line": 114, "column": 52 } },
      "114": { "start": { "line": 115, "column": 0 }, "end": { "line": 115, "column": 75 } },
      "115": { "start": { "line": 116, "column": 0 }, "end": { "line": 116, "column": 52 } },
      "116": { "start": { "line": 117, "column": 0 }, "end": { "line": 117, "column": 2 } },
      "117": { "start": { "line": 118, "column": 0 }, "end": { "line": 118, "column": 0 } },
      "118": { "start": { "line": 119, "column": 0 }, "end": { "line": 119, "column": 16 } },
      "119": { "start": { "line": 120, "column": 0 }, "end": { "line": 120, "column": 17 } },
      "120": { "start": { "line": 121, "column": 0 }, "end": { "line": 121, "column": 17 } },
      "121": { "start": { "line": 122, "column": 0 }, "end": { "line": 122, "column": 17 } },
      "122": { "start": { "line": 123, "column": 0 }, "end": { "line": 123, "column": 18 } },
      "123": { "start": { "line": 124, "column": 0 }, "end": { "line": 124, "column": 18 } },
      "124": { "start": { "line": 125, "column": 0 }, "end": { "line": 125, "column": 31 } },
      "125": { "start": { "line": 126, "column": 0 }, "end": { "line": 126, "column": 6 } },
      "126": { "start": { "line": 127, "column": 0 }, "end": { "line": 127, "column": 14 } },
      "127": { "start": { "line": 128, "column": 0 }, "end": { "line": 128, "column": 16 } },
      "128": { "start": { "line": 129, "column": 0 }, "end": { "line": 129, "column": 21 } },
      "129": { "start": { "line": 130, "column": 0 }, "end": { "line": 130, "column": 20 } },
      "130": { "start": { "line": 131, "column": 0 }, "end": { "line": 131, "column": 2 } }
    },
    "s": {
      "0": 1,
      "1": 1,
      "2": 1,
      "3": 1,
      "4": 1,
      "5": 1,
      "6": 1,
      "7": 2,
      "8": 2,
      "9": 2,
      "10": 1,
      "11": 1,
      "12": 1,
      "13": 1,
      "14": 1,
      "15": 1,
      "16": 1,
      "17": 1,
      "18": 1,
      "19": 1,
      "20": 1,
      "21": 1,
      "22": 1,
      "23": 1,
      "24": 1,
      "25": 2,
      "26": 2,
      "27": 2,
      "28": 2,
      "29": 2,
      "30": 2,
      "31": 2,
      "32": 1,
      "33": 1,
      "34": 1,
      "35": 1,
      "36": 1,
      "37": 1,
      "38": 1,
      "39": 1,
      "40": 1,
      "41": 1,
      "42": 1,
      "43": 1,
      "44": 1,
      "45": 1,
      "46": 1,
      "47": 0,
      "48": 0,
      "49": 1,
      "50": 1,
      "51": 1,
      "52": 1,
      "53": 1,
      "54": 1,
      "55": 1,
      "56": 1,
      "57": 1,
      "58": 1,
      "59": 1,
      "60": 1,
      "61": 1,
      "62": 1,
      "63": 1,
      "64": 1,
      "65": 1,
      "66": 1,
      "67": 1,
      "68": 1,
      "69": 1,
      "70": 1,
      "71": 1,
      "72": 0,
      "73": 0,
      "74": 1,
      "75": 1,
      "76": 1,
      "77": 1,
      "78": 1,
      "79": 1,
      "80": 1,
      "81": 1,
      "82": 1,
      "83": 1,
      "84": 1,
      "85": 1,
      "86": 1,
      "87": 1,
      "88": 1,
      "89": 0,
      "90": 0,
      "91": 0,
      "92": 1,
      "93": 1,
      "94": 0,
      "95": 0,
      "96": 0,
      "97": 1,
      "98": 1,
      "99": 1,
      "100": 1,
      "101": 1,
      "102": 1,
      "103": 1,
      "104": 0,
      "105": 0,
      "106": 0,
      "107": 1,
      "108": 1,
      "109": 0,
      "110": 0,
      "111": 0,
      "112": 1,
      "113": 1,
      "114": 0,
      "115": 0,
      "116": 0,
      "117": 1,
      "118": 1,
      "119": 1,
      "120": 1,
      "121": 1,
      "122": 1,
      "123": 1,
      "124": 1,
      "125": 1,
      "126": 1,
      "127": 1,
      "128": 1,
      "129": 1,
      "130": 1
    },
    "branchMap": {
      "0": {
        "type": "branch",
        "line": 7,
        "loc": { "start": { "line": 7, "column": 23 }, "end": { "line": 35, "column": 2 } },
        "locations": [{ "start": { "line": 7, "column": 23 }, "end": { "line": 35, "column": 2 } }]
      },
      "1": {
        "type": "branch",
        "line": 10,
        "loc": { "start": { "line": 10, "column": 16 }, "end": { "line": 26, "column": 46 } },
        "locations": [{ "start": { "line": 10, "column": 16 }, "end": { "line": 26, "column": 46 } }]
      },
      "2": {
        "type": "branch",
        "line": 26,
        "loc": { "start": { "line": 26, "column": 42 }, "end": { "line": 26, "column": 48 } },
        "locations": [{ "start": { "line": 26, "column": 42 }, "end": { "line": 26, "column": 48 } }]
      },
      "3": {
        "type": "branch",
        "line": 27,
        "loc": { "start": { "line": 27, "column": 54 }, "end": { "line": 27, "column": 60 } },
        "locations": [{ "start": { "line": 27, "column": 54 }, "end": { "line": 27, "column": 60 } }]
      },
      "4": {
        "type": "branch",
        "line": 28,
        "loc": { "start": { "line": 28, "column": 50 }, "end": { "line": 28, "column": 56 } },
        "locations": [{ "start": { "line": 28, "column": 50 }, "end": { "line": 28, "column": 56 } }]
      },
      "5": {
        "type": "branch",
        "line": 29,
        "loc": { "start": { "line": 29, "column": 44 }, "end": { "line": 29, "column": 50 } },
        "locations": [{ "start": { "line": 29, "column": 44 }, "end": { "line": 29, "column": 50 } }]
      },
      "6": {
        "type": "branch",
        "line": 30,
        "loc": { "start": { "line": 30, "column": 72 }, "end": { "line": 30, "column": 86 } },
        "locations": [{ "start": { "line": 30, "column": 72 }, "end": { "line": 30, "column": 86 } }]
      },
      "7": {
        "type": "branch",
        "line": 33,
        "loc": { "start": { "line": 33, "column": -1 }, "end": { "line": 35, "column": 2 } },
        "locations": [{ "start": { "line": 33, "column": -1 }, "end": { "line": 35, "column": 2 } }]
      },
      "8": {
        "type": "branch",
        "line": 37,
        "loc": { "start": { "line": 37, "column": 23 }, "end": { "line": 68, "column": 2 } },
        "locations": [{ "start": { "line": 37, "column": 23 }, "end": { "line": 68, "column": 2 } }]
      },
      "9": {
        "type": "branch",
        "line": 47,
        "loc": { "start": { "line": 47, "column": 17 }, "end": { "line": 49, "column": 3 } },
        "locations": [{ "start": { "line": 47, "column": 17 }, "end": { "line": 49, "column": 3 } }]
      },
      "10": {
        "type": "branch",
        "line": 60,
        "loc": { "start": { "line": 60, "column": 39 }, "end": { "line": 60, "column": 45 } },
        "locations": [{ "start": { "line": 60, "column": 39 }, "end": { "line": 60, "column": 45 } }]
      },
      "11": {
        "type": "branch",
        "line": 61,
        "loc": { "start": { "line": 61, "column": 51 }, "end": { "line": 61, "column": 57 } },
        "locations": [{ "start": { "line": 61, "column": 51 }, "end": { "line": 61, "column": 57 } }]
      },
      "12": {
        "type": "branch",
        "line": 62,
        "loc": { "start": { "line": 62, "column": 47 }, "end": { "line": 62, "column": 53 } },
        "locations": [{ "start": { "line": 62, "column": 47 }, "end": { "line": 62, "column": 53 } }]
      },
      "13": {
        "type": "branch",
        "line": 63,
        "loc": { "start": { "line": 63, "column": 41 }, "end": { "line": 63, "column": 47 } },
        "locations": [{ "start": { "line": 63, "column": 41 }, "end": { "line": 63, "column": 47 } }]
      },
      "14": {
        "type": "branch",
        "line": 64,
        "loc": { "start": { "line": 64, "column": 69 }, "end": { "line": 64, "column": 83 } },
        "locations": [{ "start": { "line": 64, "column": 69 }, "end": { "line": 64, "column": 83 } }]
      },
      "15": {
        "type": "branch",
        "line": 70,
        "loc": { "start": { "line": 70, "column": 23 }, "end": { "line": 76, "column": 2 } },
        "locations": [{ "start": { "line": 70, "column": 23 }, "end": { "line": 76, "column": 2 } }]
      },
      "16": {
        "type": "branch",
        "line": 72,
        "loc": { "start": { "line": 72, "column": 13 }, "end": { "line": 74, "column": 3 } },
        "locations": [{ "start": { "line": 72, "column": 13 }, "end": { "line": 74, "column": 3 } }]
      },
      "17": {
        "type": "branch",
        "line": 78,
        "loc": { "start": { "line": 78, "column": 24 }, "end": { "line": 81, "column": 2 } },
        "locations": [{ "start": { "line": 78, "column": 24 }, "end": { "line": 81, "column": 2 } }]
      },
      "18": {
        "type": "branch",
        "line": 83,
        "loc": { "start": { "line": 83, "column": 24 }, "end": { "line": 87, "column": 2 } },
        "locations": [{ "start": { "line": 83, "column": 24 }, "end": { "line": 87, "column": 2 } }]
      },
      "19": {
        "type": "branch",
        "line": 99,
        "loc": { "start": { "line": 99, "column": 12 }, "end": { "line": 102, "column": 2 } },
        "locations": [{ "start": { "line": 99, "column": 12 }, "end": { "line": 102, "column": 2 } }]
      }
    },
    "b": {
      "0": [2],
      "1": [1],
      "2": [0],
      "3": [0],
      "4": [0],
      "5": [0],
      "6": [0],
      "7": [1],
      "8": [1],
      "9": [0],
      "10": [0],
      "11": [0],
      "12": [0],
      "13": [0],
      "14": [0],
      "15": [1],
      "16": [0],
      "17": [1],
      "18": [1],
      "19": [1]
    },
    "fnMap": {
      "0": {
        "name": "createUsername",
        "decl": { "start": { "line": 7, "column": 23 }, "end": { "line": 35, "column": 2 } },
        "loc": { "start": { "line": 7, "column": 23 }, "end": { "line": 35, "column": 2 } },
        "line": 7
      },
      "1": {
        "name": "updateUsername",
        "decl": { "start": { "line": 37, "column": 23 }, "end": { "line": 68, "column": 2 } },
        "loc": { "start": { "line": 37, "column": 23 }, "end": { "line": 68, "column": 2 } },
        "line": 37
      },
      "2": {
        "name": "findByUsername",
        "decl": { "start": { "line": 70, "column": 23 }, "end": { "line": 76, "column": 2 } },
        "loc": { "start": { "line": 70, "column": 23 }, "end": { "line": 76, "column": 2 } },
        "line": 70
      },
      "3": {
        "name": "getAllUsernames",
        "decl": { "start": { "line": 78, "column": 24 }, "end": { "line": 81, "column": 2 } },
        "loc": { "start": { "line": 78, "column": 24 }, "end": { "line": 81, "column": 2 } },
        "line": 78
      },
      "4": {
        "name": "searchUsernames",
        "decl": { "start": { "line": 83, "column": 24 }, "end": { "line": 87, "column": 2 } },
        "loc": { "start": { "line": 83, "column": 24 }, "end": { "line": 87, "column": 2 } },
        "line": 83
      },
      "5": {
        "name": "searchUsernamesSortedByScore",
        "decl": { "start": { "line": 89, "column": 37 }, "end": { "line": 92, "column": 2 } },
        "loc": { "start": { "line": 89, "column": 37 }, "end": { "line": 92, "column": 2 } },
        "line": 89
      },
      "6": {
        "name": "getTopUsers",
        "decl": { "start": { "line": 94, "column": 20 }, "end": { "line": 97, "column": 2 } },
        "loc": { "start": { "line": 94, "column": 20 }, "end": { "line": 97, "column": 2 } },
        "line": 94
      },
      "7": {
        "name": "get",
        "decl": { "start": { "line": 99, "column": 12 }, "end": { "line": 102, "column": 2 } },
        "loc": { "start": { "line": 99, "column": 12 }, "end": { "line": 102, "column": 2 } },
        "line": 99
      },
      "8": {
        "name": "getRandomUser",
        "decl": { "start": { "line": 104, "column": 22 }, "end": { "line": 107, "column": 2 } },
        "loc": { "start": { "line": 104, "column": 22 }, "end": { "line": 107, "column": 2 } },
        "line": 104
      },
      "9": {
        "name": "isUserTop10ByScore",
        "decl": { "start": { "line": 109, "column": 27 }, "end": { "line": 112, "column": 2 } },
        "loc": { "start": { "line": 109, "column": 27 }, "end": { "line": 112, "column": 2 } },
        "line": 109
      },
      "10": {
        "name": "isUserTop1ByScore",
        "decl": { "start": { "line": 114, "column": 26 }, "end": { "line": 117, "column": 2 } },
        "loc": { "start": { "line": 114, "column": 26 }, "end": { "line": 117, "column": 2 } },
        "line": 114
      }
    },
    "f": { "0": 2, "1": 1, "2": 1, "3": 1, "4": 1, "5": 0, "6": 0, "7": 1, "8": 0, "9": 0, "10": 0 }
  }
}
